# JRE version: Java(TM) SE Runtime Environment (8.0_121-b13) (build 1.8.0_121-b13)
# Java VM: Java HotSpot(TM) 64-Bit Server VM (25.121-b13 mixed mode linux-amd64 compressed oops)
Heap:
 PSYoungGen      total 217088K, used 12605K [0x00000000eb600000, 0x00000000f9b80000, 0x0000000100000000)
  eden space 199168K, 0% used [0x00000000eb600000,0x00000000eb600000,0x00000000f7880000)
  from space 17920K, 70% used [0x00000000f7880000,0x00000000f84cf6c8,0x00000000f8a00000)
  to   space 17920K, 0% used [0x00000000f8a00000,0x00000000f8a00000,0x00000000f9b80000)
 ParOldGen       total 50688K, used 24759K [0x00000000c2200000, 0x00000000c5380000, 0x00000000eb600000)
  object space 50688K, 48% used [0x00000000c2200000,0x00000000c3a2de78,0x00000000c5380000)
 Metaspace       used 25163K, capacity 26102K, committed 26368K, reserved 1073152K
  class space    used 2840K, capacity 3001K, committed 3072K, reserved 1048576K
GC Heap History (10 events):
Event: 2.033 GC heap after
Heap after GC invocations=7 (full 0):
 PSYoungGen      total 70656K, used 7680K [0x00000000eb600000, 0x00000000f4400000, 0x0000000100000000)
  eden space 62976K, 0% used [0x00000000eb600000,0x00000000eb600000,0x00000000ef380000)
  from space 7680K, 100% used [0x00000000ef380000,0x00000000efb00000,0x00000000efb00000)
  to   space 9728K, 0% used [0x00000000f3a80000,0x00000000f3a80000,0x00000000f4400000)
 ParOldGen       total 42496K, used 10138K [0x00000000c2200000, 0x00000000c4b80000, 0x00000000eb600000)
  object space 42496K, 23% used [0x00000000c2200000,0x00000000c2be6ad8,0x00000000c4b80000)
 Metaspace       used 13848K, capacity 14104K, committed 14336K, reserved 1062912K
  class space    used 1633K, capacity 1710K, committed 1792K, reserved 1048576K
}
Event: 2.321 GC heap before
{Heap before GC invocations=8 (full 0):
 PSYoungGen      total 70656K, used 70656K [0x00000000eb600000, 0x00000000f4400000, 0x0000000100000000)
  eden space 62976K, 100% used [0x00000000eb600000,0x00000000ef380000,0x00000000ef380000)
  from space 7680K, 100% used [0x00000000ef380000,0x00000000efb00000,0x00000000efb00000)
  to   space 9728K, 0% used [0x00000000f3a80000,0x00000000f3a80000,0x00000000f4400000)
 ParOldGen       total 42496K, used 10138K [0x00000000c2200000, 0x00000000c4b80000, 0x00000000eb600000)
  object space 42496K, 23% used [0x00000000c2200000,0x00000000c2be6ad8,0x00000000c4b80000)
 Metaspace       used 14109K, capacity 14392K, committed 14592K, reserved 1062912K
  class space    used 1650K, capacity 1742K, committed 1792K, reserved 1048576K
Event: 2.339 GC heap after
Heap after GC invocations=8 (full 0):
 PSYoungGen      total 134144K, used 9632K [0x00000000eb600000, 0x00000000f4700000, 0x0000000100000000)
  eden space 124416K, 0% used [0x00000000eb600000,0x00000000eb600000,0x00000000f2f80000)
  from space 9728K, 99% used [0x00000000f3a80000,0x00000000f43e8020,0x00000000f4400000)
  to   space 11264K, 0% used [0x00000000f2f80000,0x00000000f2f80000,0x00000000f3a80000)
 ParOldGen       total 42496K, used 11148K [0x00000000c2200000, 0x00000000c4b80000, 0x00000000eb600000)
  object space 42496K, 26% used [0x00000000c2200000,0x00000000c2ce32e8,0x00000000c4b80000)
 Metaspace       used 14109K, capacity 14392K, committed 14592K, reserved 1062912K
  class space    used 1650K, capacity 1742K, committed 1792K, reserved 1048576K
}
Event: 4.228 GC heap before
{Heap before GC invocations=9 (full 0):
 PSYoungGen      total 134144K, used 134048K [0x00000000eb600000, 0x00000000f4700000, 0x0000000100000000)
  eden space 124416K, 100% used [0x00000000eb600000,0x00000000f2f80000,0x00000000f2f80000)
  from space 9728K, 99% used [0x00000000f3a80000,0x00000000f43e8020,0x00000000f4400000)
  to   space 11264K, 0% used [0x00000000f2f80000,0x00000000f2f80000,0x00000000f3a80000)
 ParOldGen       total 42496K, used 11148K [0x00000000c2200000, 0x00000000c4b80000, 0x00000000eb600000)
  object space 42496K, 26% used [0x00000000c2200000,0x00000000c2ce32e8,0x00000000c4b80000)
 Metaspace       used 20502K, capacity 21052K, committed 21248K, reserved 1069056K
  class space    used 2376K, capacity 2462K, committed 2560K, reserved 1048576K
Event: 4.337 GC heap after
Heap after GC invocations=9 (full 0):
 PSYoungGen      total 135680K, used 11236K [0x00000000eb600000, 0x00000000f9b80000, 0x0000000100000000)
  eden space 124416K, 0% used [0x00000000eb600000,0x00000000eb600000,0x00000000f2f80000)
  from space 11264K, 99% used [0x00000000f2f80000,0x00000000f3a79260,0x00000000f3a80000)
  to   space 17920K, 0% used [0x00000000f8a00000,0x00000000f8a00000,0x00000000f9b80000)
 ParOldGen       total 42496K, used 24475K [0x00000000c2200000, 0x00000000c4b80000, 0x00000000eb600000)
  object space 42496K, 57% used [0x00000000c2200000,0x00000000c39e6da0,0x00000000c4b80000)
 Metaspace       used 20502K, capacity 21052K, committed 21248K, reserved 1069056K
  class space    used 2376K, capacity 2462K, committed 2560K, reserved 1048576K
}
Event: 4.406 GC heap before
{Heap before GC invocations=10 (full 0):
 PSYoungGen      total 135680K, used 16313K [0x00000000eb600000, 0x00000000f9b80000, 0x0000000100000000)
  eden space 124416K, 4% used [0x00000000eb600000,0x00000000ebaf53d8,0x00000000f2f80000)
  from space 11264K, 99% used [0x00000000f2f80000,0x00000000f3a79260,0x00000000f3a80000)
  to   space 17920K, 0% used [0x00000000f8a00000,0x00000000f8a00000,0x00000000f9b80000)
 ParOldGen       total 42496K, used 24475K [0x00000000c2200000, 0x00000000c4b80000, 0x00000000eb600000)
  object space 42496K, 57% used [0x00000000c2200000,0x00000000c39e6da0,0x00000000c4b80000)
 Metaspace       used 20598K, capacity 21150K, committed 21248K, reserved 1069056K
  class space    used 2393K, capacity 2496K, committed 2560K, reserved 1048576K
Event: 4.533 GC heap after
Heap after GC invocations=10 (full 0):
 PSYoungGen      total 217088K, used 10272K [0x00000000eb600000, 0x00000000f9b80000, 0x0000000100000000)
  eden space 199168K, 0% used [0x00000000eb600000,0x00000000eb600000,0x00000000f7880000)
  from space 17920K, 57% used [0x00000000f8a00000,0x00000000f9408200,0x00000000f9b80000)
  to   space 17920K, 0% used [0x00000000f7880000,0x00000000f7880000,0x00000000f8a00000)
 ParOldGen       total 42496K, used 25587K [0x00000000c2200000, 0x00000000c4b80000, 0x00000000eb600000)
  object space 42496K, 60% used [0x00000000c2200000,0x00000000c3afcda0,0x00000000c4b80000)
 Metaspace       used 20598K, capacity 21150K, committed 21248K, reserved 1069056K
  class space    used 2393K, capacity 2496K, committed 2560K, reserved 1048576K
}
Event: 4.533 GC heap before
{Heap before GC invocations=11 (full 1):
 PSYoungGen      total 217088K, used 10272K [0x00000000eb600000, 0x00000000f9b80000, 0x0000000100000000)
  eden space 199168K, 0% used [0x00000000eb600000,0x00000000eb600000,0x00000000f7880000)
  from space 17920K, 57% used [0x00000000f8a00000,0x00000000f9408200,0x00000000f9b80000)
  to   space 17920K, 0% used [0x00000000f7880000,0x00000000f7880000,0x00000000f8a00000)
 ParOldGen       total 42496K, used 25587K [0x00000000c2200000, 0x00000000c4b80000, 0x00000000eb600000)
  object space 42496K, 60% used [0x00000000c2200000,0x00000000c3afcda0,0x00000000c4b80000)
 Metaspace       used 20598K, capacity 21150K, committed 21248K, reserved 1069056K
  class space    used 2393K, capacity 2496K, committed 2560K, reserved 1048576K
Event: 4.637 GC heap after
Heap after GC invocations=11 (full 1):
 PSYoungGen      total 217088K, used 0K [0x00000000eb600000, 0x00000000f9b80000, 0x0000000100000000)
  eden space 199168K, 0% used [0x00000000eb600000,0x00000000eb600000,0x00000000f7880000)
  from space 17920K, 0% used [0x00000000f8a00000,0x00000000f8a00000,0x00000000f9b80000)
  to   space 17920K, 0% used [0x00000000f7880000,0x00000000f7880000,0x00000000f8a00000)
 ParOldGen       total 50688K, used 24751K [0x00000000c2200000, 0x00000000c5380000, 0x00000000eb600000)
  object space 50688K, 48% used [0x00000000c2200000,0x00000000c3a2be78,0x00000000c5380000)
 Metaspace       used 20598K, capacity 21150K, committed 21248K, reserved 1069056K
  class space    used 2393K, capacity 2496K, committed 2560K, reserved 1048576K
}
Event: 9.231 GC heap before
{Heap before GC invocations=12 (full 1):
 PSYoungGen      total 217088K, used 178729K [0x00000000eb600000, 0x00000000f9b80000, 0x0000000100000000)
  eden space 199168K, 89% used [0x00000000eb600000,0x00000000f648a590,0x00000000f7880000)
  from space 17920K, 0% used [0x00000000f8a00000,0x00000000f8a00000,0x00000000f9b80000)
  to   space 17920K, 0% used [0x00000000f7880000,0x00000000f7880000,0x00000000f8a00000)
 ParOldGen       total 50688K, used 24751K [0x00000000c2200000, 0x00000000c5380000, 0x00000000eb600000)
  object space 50688K, 48% used [0x00000000c2200000,0x00000000c3a2be78,0x00000000c5380000)
 Metaspace       used 25163K, capacity 26102K, committed 26368K, reserved 1073152K
  class space    used 2840K, capacity 3001K, committed 3072K, reserved 1048576K

