# JRE version: Java(TM) SE Runtime Environment (8.0_121-b13) (build 1.8.0_121-b13)
# Java VM: Java HotSpot(TM) 64-Bit Server VM (25.121-b13 mixed mode linux-amd64 compressed oops)
Heap:
 PSYoungGen      total 212480K, used 8566K [0x00000000eb600000, 0x00000000f8f00000, 0x0000000100000000)
  eden space 202752K, 0% used [0x00000000eb600000,0x00000000eb600000,0x00000000f7c00000)
  from space 9728K, 88% used [0x00000000f7c00000,0x00000000f845d820,0x00000000f8580000)
  to   space 9728K, 0% used [0x00000000f8580000,0x00000000f8580000,0x00000000f8f00000)
 ParOldGen       total 42496K, used 16719K [0x00000000c2200000, 0x00000000c4b80000, 0x00000000eb600000)
  object space 42496K, 39% used [0x00000000c2200000,0x00000000c3253fa0,0x00000000c4b80000)
 Metaspace       used 19253K, capacity 19438K, committed 19584K, reserved 1067008K
  class space    used 2366K, capacity 2423K, committed 2432K, reserved 1048576K
GC Heap History (10 events):
Event: 4.323 GC heap after
Heap after GC invocations=6 (full 0):
 PSYoungGen      total 70656K, used 3152K [0x00000000eb600000, 0x00000000f0300000, 0x0000000100000000)
  eden space 63488K, 0% used [0x00000000eb600000,0x00000000eb600000,0x00000000ef400000)
  from space 7168K, 43% used [0x00000000efc00000,0x00000000eff14010,0x00000000f0300000)
  to   space 7680K, 0% used [0x00000000ef400000,0x00000000ef400000,0x00000000efb80000)
 ParOldGen       total 42496K, used 7339K [0x00000000c2200000, 0x00000000c4b80000, 0x00000000eb600000)
  object space 42496K, 17% used [0x00000000c2200000,0x00000000c292ad60,0x00000000c4b80000)
 Metaspace       used 6704K, capacity 6854K, committed 7040K, reserved 1056768K
  class space    used 804K, capacity 859K, committed 896K, reserved 1048576K
}
Event: 4.801 GC heap before
{Heap before GC invocations=7 (full 0):
 PSYoungGen      total 70656K, used 66640K [0x00000000eb600000, 0x00000000f0300000, 0x0000000100000000)
  eden space 63488K, 100% used [0x00000000eb600000,0x00000000ef400000,0x00000000ef400000)
  from space 7168K, 43% used [0x00000000efc00000,0x00000000eff14010,0x00000000f0300000)
  to   space 7680K, 0% used [0x00000000ef400000,0x00000000ef400000,0x00000000efb80000)
 ParOldGen       total 42496K, used 7339K [0x00000000c2200000, 0x00000000c4b80000, 0x00000000eb600000)
  object space 42496K, 17% used [0x00000000c2200000,0x00000000c292ad60,0x00000000c4b80000)
 Metaspace       used 9675K, capacity 9842K, committed 9984K, reserved 1058816K
  class space    used 1177K, capacity 1213K, committed 1280K, reserved 1048576K
Event: 4.808 GC heap after
Heap after GC invocations=7 (full 0):
 PSYoungGen      total 71168K, used 5700K [0x00000000eb600000, 0x00000000f4200000, 0x0000000100000000)
  eden space 63488K, 0% used [0x00000000eb600000,0x00000000eb600000,0x00000000ef400000)
  from space 7680K, 74% used [0x00000000ef400000,0x00000000ef991050,0x00000000efb80000)
  to   space 8192K, 0% used [0x00000000f3a00000,0x00000000f3a00000,0x00000000f4200000)
 ParOldGen       total 42496K, used 9759K [0x00000000c2200000, 0x00000000c4b80000, 0x00000000eb600000)
  object space 42496K, 22% used [0x00000000c2200000,0x00000000c2b87fe8,0x00000000c4b80000)
 Metaspace       used 9675K, capacity 9842K, committed 9984K, reserved 1058816K
  class space    used 1177K, capacity 1213K, committed 1280K, reserved 1048576K
}
Event: 5.311 GC heap before
{Heap before GC invocations=8 (full 0):
 PSYoungGen      total 71168K, used 69188K [0x00000000eb600000, 0x00000000f4200000, 0x0000000100000000)
  eden space 63488K, 100% used [0x00000000eb600000,0x00000000ef400000,0x00000000ef400000)
  from space 7680K, 74% used [0x00000000ef400000,0x00000000ef991050,0x00000000efb80000)
  to   space 8192K, 0% used [0x00000000f3a00000,0x00000000f3a00000,0x00000000f4200000)
 ParOldGen       total 42496K, used 9759K [0x00000000c2200000, 0x00000000c4b80000, 0x00000000eb600000)
  object space 42496K, 22% used [0x00000000c2200000,0x00000000c2b87fe8,0x00000000c4b80000)
 Metaspace       used 12067K, capacity 12274K, committed 12288K, reserved 1060864K
  class space    used 1468K, capacity 1533K, committed 1536K, reserved 1048576K
Event: 5.315 GC heap after
Heap after GC invocations=8 (full 0):
 PSYoungGen      total 134656K, used 6622K [0x00000000eb600000, 0x00000000f4300000, 0x0000000100000000)
  eden space 126464K, 0% used [0x00000000eb600000,0x00000000eb600000,0x00000000f3180000)
  from space 8192K, 80% used [0x00000000f3a00000,0x00000000f4077ae8,0x00000000f4200000)
  to   space 8704K, 0% used [0x00000000f3180000,0x00000000f3180000,0x00000000f3a00000)
 ParOldGen       total 42496K, used 9799K [0x00000000c2200000, 0x00000000c4b80000, 0x00000000eb600000)
  object space 42496K, 23% used [0x00000000c2200000,0x00000000c2b91fe8,0x00000000c4b80000)
 Metaspace       used 12067K, capacity 12274K, committed 12288K, reserved 1060864K
  class space    used 1468K, capacity 1533K, committed 1536K, reserved 1048576K
}
Event: 6.201 GC heap before
{Heap before GC invocations=9 (full 0):
 PSYoungGen      total 134656K, used 133086K [0x00000000eb600000, 0x00000000f4300000, 0x0000000100000000)
  eden space 126464K, 100% used [0x00000000eb600000,0x00000000f3180000,0x00000000f3180000)
  from space 8192K, 80% used [0x00000000f3a00000,0x00000000f4077ae8,0x00000000f4200000)
  to   space 8704K, 0% used [0x00000000f3180000,0x00000000f3180000,0x00000000f3a00000)
 ParOldGen       total 42496K, used 9799K [0x00000000c2200000, 0x00000000c4b80000, 0x00000000eb600000)
  object space 42496K, 23% used [0x00000000c2200000,0x00000000c2b91fe8,0x00000000c4b80000)
 Metaspace       used 16355K, capacity 16554K, committed 16768K, reserved 1064960K
  class space    used 2004K, capacity 2065K, committed 2176K, reserved 1048576K
Event: 6.216 GC heap after
Heap after GC invocations=9 (full 0):
 PSYoungGen      total 135168K, used 7750K [0x00000000eb600000, 0x00000000f8f00000, 0x0000000100000000)
  eden space 126464K, 0% used [0x00000000eb600000,0x00000000eb600000,0x00000000f3180000)
  from space 8704K, 89% used [0x00000000f3180000,0x00000000f3911a28,0x00000000f3a00000)
  to   space 9728K, 0% used [0x00000000f8580000,0x00000000f8580000,0x00000000f8f00000)
 ParOldGen       total 42496K, used 10156K [0x00000000c2200000, 0x00000000c4b80000, 0x00000000eb600000)
  object space 42496K, 23% used [0x00000000c2200000,0x00000000c2beb008,0x00000000c4b80000)
 Metaspace       used 16355K, capacity 16554K, committed 16768K, reserved 1064960K
  class space    used 2004K, capacity 2065K, committed 2176K, reserved 1048576K
}
Event: 7.021 GC heap before
{Heap before GC invocations=10 (full 0):
 PSYoungGen      total 135168K, used 134214K [0x00000000eb600000, 0x00000000f8f00000, 0x0000000100000000)
  eden space 126464K, 100% used [0x00000000eb600000,0x00000000f3180000,0x00000000f3180000)
  from space 8704K, 89% used [0x00000000f3180000,0x00000000f3911a28,0x00000000f3a00000)
  to   space 9728K, 0% used [0x00000000f8580000,0x00000000f8580000,0x00000000f8f00000)
 ParOldGen       total 42496K, used 10156K [0x00000000c2200000, 0x00000000c4b80000, 0x00000000eb600000)
  object space 42496K, 23% used [0x00000000c2200000,0x00000000c2beb008,0x00000000c4b80000)
 Metaspace       used 18414K, capacity 18614K, committed 18816K, reserved 1064960K
  class space    used 2286K, capacity 2323K, committed 2432K, reserved 1048576K
Event: 7.039 GC heap after
Heap after GC invocations=10 (full 0):
 PSYoungGen      total 212480K, used 3639K [0x00000000eb600000, 0x00000000f8f00000, 0x0000000100000000)
  eden space 202752K, 0% used [0x00000000eb600000,0x00000000eb600000,0x00000000f7c00000)
  from space 9728K, 37% used [0x00000000f8580000,0x00000000f890df80,0x00000000f8f00000)
  to   space 9728K, 0% used [0x00000000f7c00000,0x00000000f7c00000,0x00000000f8580000)
 ParOldGen       total 42496K, used 14405K [0x00000000c2200000, 0x00000000c4b80000, 0x00000000eb600000)
  object space 42496K, 33% used [0x00000000c2200000,0x00000000c3011740,0x00000000c4b80000)
 Metaspace       used 18414K, capacity 18614K, committed 18816K, reserved 1064960K
  class space    used 2286K, capacity 2323K, committed 2432K, reserved 1048576K
}
Event: 7.971 GC heap before
{Heap before GC invocations=11 (full 0):
 PSYoungGen      total 212480K, used 206391K [0x00000000eb600000, 0x00000000f8f00000, 0x0000000100000000)
  eden space 202752K, 100% used [0x00000000eb600000,0x00000000f7c00000,0x00000000f7c00000)
  from space 9728K, 37% used [0x00000000f8580000,0x00000000f890df80,0x00000000f8f00000)
  to   space 9728K, 0% used [0x00000000f7c00000,0x00000000f7c00000,0x00000000f8580000)
 ParOldGen       total 42496K, used 14405K [0x00000000c2200000, 0x00000000c4b80000, 0x00000000eb600000)
  object space 42496K, 33% used [0x00000000c2200000,0x00000000c3011740,0x00000000c4b80000)
 Metaspace       used 19253K, capacity 19438K, committed 19584K, reserved 1067008K
  class space    used 2366K, capacity 2423K, committed 2432K, reserved 1048576K

