# JRE version: Java(TM) SE Runtime Environment (8.0_121-b13) (build 1.8.0_121-b13)
# Java VM: Java HotSpot(TM) 64-Bit Server VM (25.121-b13 mixed mode linux-amd64 compressed oops)
Heap:
 PSYoungGen      total 262144K, used 8166K [0x00000000eb600000, 0x00000000ffd80000, 0x0000000100000000)
  eden space 253952K, 0% used [0x00000000eb600000,0x00000000eb600000,0x00000000fae00000)
  from space 8192K, 99% used [0x00000000fed80000,0x00000000ff579a98,0x00000000ff580000)
  to   space 5632K, 0% used [0x00000000ff800000,0x00000000ff800000,0x00000000ffd80000)
 ParOldGen       total 50176K, used 20411K [0x00000000c2200000, 0x00000000c5300000, 0x00000000eb600000)
  object space 50176K, 40% used [0x00000000c2200000,0x00000000c35eee68,0x00000000c5300000)
 Metaspace       used 28342K, capacity 28631K, committed 29056K, reserved 1075200K
  class space    used 3545K, capacity 3629K, committed 3712K, reserved 1048576K
GC Heap History (10 events):
Event: 5.185 GC heap after
Heap after GC invocations=9 (full 0):
 PSYoungGen      total 134144K, used 7142K [0x00000000eb600000, 0x00000000f8c80000, 0x0000000100000000)
  eden space 126976K, 0% used [0x00000000eb600000,0x00000000eb600000,0x00000000f3200000)
  from space 7168K, 99% used [0x00000000f3200000,0x00000000f38f9820,0x00000000f3900000)
  to   space 8192K, 0% used [0x00000000f8480000,0x00000000f8480000,0x00000000f8c80000)
 ParOldGen       total 42496K, used 11918K [0x00000000c2200000, 0x00000000c4b80000, 0x00000000eb600000)
  object space 42496K, 28% used [0x00000000c2200000,0x00000000c2da3848,0x00000000c4b80000)
 Metaspace       used 18434K, capacity 18660K, committed 18816K, reserved 1064960K
  class space    used 2266K, capacity 2329K, committed 2432K, reserved 1048576K
}
Event: 5.517 GC heap before
{Heap before GC invocations=10 (full 0):
 PSYoungGen      total 134144K, used 134118K [0x00000000eb600000, 0x00000000f8c80000, 0x0000000100000000)
  eden space 126976K, 100% used [0x00000000eb600000,0x00000000f3200000,0x00000000f3200000)
  from space 7168K, 99% used [0x00000000f3200000,0x00000000f38f9820,0x00000000f3900000)
  to   space 8192K, 0% used [0x00000000f8480000,0x00000000f8480000,0x00000000f8c80000)
 ParOldGen       total 42496K, used 11918K [0x00000000c2200000, 0x00000000c4b80000, 0x00000000eb600000)
  object space 42496K, 28% used [0x00000000c2200000,0x00000000c2da3848,0x00000000c4b80000)
 Metaspace       used 18843K, capacity 19050K, committed 19328K, reserved 1067008K
  class space    used 2316K, capacity 2394K, committed 2432K, reserved 1048576K
Event: 5.529 GC heap after
Heap after GC invocations=10 (full 0):
 PSYoungGen      total 211456K, used 4827K [0x00000000eb600000, 0x00000000f8c80000, 0x0000000100000000)
  eden space 203264K, 0% used [0x00000000eb600000,0x00000000eb600000,0x00000000f7c80000)
  from space 8192K, 58% used [0x00000000f8480000,0x00000000f8936e50,0x00000000f8c80000)
  to   space 8192K, 0% used [0x00000000f7c80000,0x00000000f7c80000,0x00000000f8480000)
 ParOldGen       total 42496K, used 14080K [0x00000000c2200000, 0x00000000c4b80000, 0x00000000eb600000)
  object space 42496K, 33% used [0x00000000c2200000,0x00000000c2fc0230,0x00000000c4b80000)
 Metaspace       used 18843K, capacity 19050K, committed 19328K, reserved 1067008K
  class space    used 2316K, capacity 2394K, committed 2432K, reserved 1048576K
}
Event: 6.319 GC heap before
{Heap before GC invocations=11 (full 0):
 PSYoungGen      total 211456K, used 140120K [0x00000000eb600000, 0x00000000f8c80000, 0x0000000100000000)
  eden space 203264K, 66% used [0x00000000eb600000,0x00000000f3a1f2c0,0x00000000f7c80000)
  from space 8192K, 58% used [0x00000000f8480000,0x00000000f8936e50,0x00000000f8c80000)
  to   space 8192K, 0% used [0x00000000f7c80000,0x00000000f7c80000,0x00000000f8480000)
 ParOldGen       total 42496K, used 14080K [0x00000000c2200000, 0x00000000c4b80000, 0x00000000eb600000)
  object space 42496K, 33% used [0x00000000c2200000,0x00000000c2fc0230,0x00000000c4b80000)
 Metaspace       used 20879K, capacity 21107K, committed 21296K, reserved 1069056K
  class space    used 2620K, capacity 2688K, committed 2688K, reserved 1048576K
Event: 6.330 GC heap after
Heap after GC invocations=11 (full 0):
 PSYoungGen      total 211456K, used 3306K [0x00000000eb600000, 0x0000000100000000, 0x0000000100000000)
  eden space 203264K, 0% used [0x00000000eb600000,0x00000000eb600000,0x00000000f7c80000)
  from space 8192K, 40% used [0x00000000f7c80000,0x00000000f7fba9c8,0x00000000f8480000)
  to   space 8192K, 0% used [0x00000000ff800000,0x00000000ff800000,0x0000000100000000)
 ParOldGen       total 42496K, used 18237K [0x00000000c2200000, 0x00000000c4b80000, 0x00000000eb600000)
  object space 42496K, 42% used [0x00000000c2200000,0x00000000c33cf610,0x00000000c4b80000)
 Metaspace       used 20879K, capacity 21107K, committed 21296K, reserved 1069056K
  class space    used 2620K, capacity 2688K, committed 2688K, reserved 1048576K
}
Event: 6.331 GC heap before
{Heap before GC invocations=12 (full 1):
 PSYoungGen      total 211456K, used 3306K [0x00000000eb600000, 0x0000000100000000, 0x0000000100000000)
  eden space 203264K, 0% used [0x00000000eb600000,0x00000000eb600000,0x00000000f7c80000)
  from space 8192K, 40% used [0x00000000f7c80000,0x00000000f7fba9c8,0x00000000f8480000)
  to   space 8192K, 0% used [0x00000000ff800000,0x00000000ff800000,0x0000000100000000)
 ParOldGen       total 42496K, used 18237K [0x00000000c2200000, 0x00000000c4b80000, 0x00000000eb600000)
  object space 42496K, 42% used [0x00000000c2200000,0x00000000c33cf610,0x00000000c4b80000)
 Metaspace       used 20879K, capacity 21107K, committed 21296K, reserved 1069056K
  class space    used 2620K, capacity 2688K, committed 2688K, reserved 1048576K
Event: 6.478 GC heap after
Heap after GC invocations=12 (full 1):
 PSYoungGen      total 211456K, used 0K [0x00000000eb600000, 0x0000000100000000, 0x0000000100000000)
  eden space 203264K, 0% used [0x00000000eb600000,0x00000000eb600000,0x00000000f7c80000)
  from space 8192K, 0% used [0x00000000f7c80000,0x00000000f7c80000,0x00000000f8480000)
  to   space 8192K, 0% used [0x00000000ff800000,0x00000000ff800000,0x0000000100000000)
 ParOldGen       total 50176K, used 20293K [0x00000000c2200000, 0x00000000c5300000, 0x00000000eb600000)
  object space 50176K, 40% used [0x00000000c2200000,0x00000000c35d15d8,0x00000000c5300000)
 Metaspace       used 20879K, capacity 21107K, committed 21296K, reserved 1069056K
  class space    used 2620K, capacity 2688K, committed 2688K, reserved 1048576K
}
Event: 8.217 GC heap before
{Heap before GC invocations=13 (full 1):
 PSYoungGen      total 211456K, used 203264K [0x00000000eb600000, 0x0000000100000000, 0x0000000100000000)
  eden space 203264K, 100% used [0x00000000eb600000,0x00000000f7c80000,0x00000000f7c80000)
  from space 8192K, 0% used [0x00000000f7c80000,0x00000000f7c80000,0x00000000f8480000)
  to   space 8192K, 0% used [0x00000000ff800000,0x00000000ff800000,0x0000000100000000)
 ParOldGen       total 50176K, used 20293K [0x00000000c2200000, 0x00000000c5300000, 0x00000000eb600000)
  object space 50176K, 40% used [0x00000000c2200000,0x00000000c35d15d8,0x00000000c5300000)
 Metaspace       used 24858K, capacity 25081K, committed 25344K, reserved 1071104K
  class space    used 3151K, capacity 3240K, committed 3328K, reserved 1048576K
Event: 8.245 GC heap after
Heap after GC invocations=13 (full 1):
 PSYoungGen      total 259584K, used 5474K [0x00000000eb600000, 0x00000000ffd80000, 0x0000000100000000)
  eden space 253952K, 0% used [0x00000000eb600000,0x00000000eb600000,0x00000000fae00000)
  from space 5632K, 97% used [0x00000000ff800000,0x00000000ffd58958,0x00000000ffd80000)
  to   space 8192K, 0% used [0x00000000fed80000,0x00000000fed80000,0x00000000ff580000)
 ParOldGen       total 50176K, used 20293K [0x00000000c2200000, 0x00000000c5300000, 0x00000000eb600000)
  object space 50176K, 40% used [0x00000000c2200000,0x00000000c35d15d8,0x00000000c5300000)
 Metaspace       used 24858K, capacity 25081K, committed 25344K, reserved 1071104K
  class space    used 3151K, capacity 3240K, committed 3328K, reserved 1048576K
}
Event: 23.293 GC heap before
{Heap before GC invocations=14 (full 1):
 PSYoungGen      total 259584K, used 259426K [0x00000000eb600000, 0x00000000ffd80000, 0x0000000100000000)
  eden space 253952K, 100% used [0x00000000eb600000,0x00000000fae00000,0x00000000fae00000)
  from space 5632K, 97% used [0x00000000ff800000,0x00000000ffd58958,0x00000000ffd80000)
  to   space 8192K, 0% used [0x00000000fed80000,0x00000000fed80000,0x00000000ff580000)
 ParOldGen       total 50176K, used 20293K [0x00000000c2200000, 0x00000000c5300000, 0x00000000eb600000)
  object space 50176K, 40% used [0x00000000c2200000,0x00000000c35d15d8,0x00000000c5300000)
 Metaspace       used 28342K, capacity 28631K, committed 29056K, reserved 1075200K
  class space    used 3545K, capacity 3629K, committed 3712K, reserved 1048576K

