# JRE version: Java(TM) SE Runtime Environment (8.0_121-b13) (build 1.8.0_121-b13)
# Java VM: Java HotSpot(TM) 64-Bit Server VM (25.121-b13 mixed mode linux-amd64 compressed oops)
Heap:
 PSYoungGen      total 210944K, used 5133K [0x00000000eb600000, 0x00000000f8b80000, 0x0000000100000000)
  eden space 203264K, 0% used [0x00000000eb600000,0x00000000eb600000,0x00000000f7c80000)
  from space 7680K, 66% used [0x00000000f7c80000,0x00000000f8183698,0x00000000f8400000)
  to   space 7680K, 0% used [0x00000000f8400000,0x00000000f8400000,0x00000000f8b80000)
 ParOldGen       total 42496K, used 16865K [0x00000000c2200000, 0x00000000c4b80000, 0x00000000eb600000)
  object space 42496K, 39% used [0x00000000c2200000,0x00000000c3278410,0x00000000c4b80000)
 Metaspace       used 20943K, capacity 21098K, committed 21296K, reserved 1069056K
  class space    used 2593K, capacity 2650K, committed 2688K, reserved 1048576K
GC Heap History (10 events):
Event: 3.770 GC heap after
Heap after GC invocations=6 (full 0):
 PSYoungGen      total 71680K, used 2947K [0x00000000eb600000, 0x00000000f0500000, 0x0000000100000000)
  eden space 63488K, 0% used [0x00000000eb600000,0x00000000eb600000,0x00000000ef400000)
  from space 8192K, 35% used [0x00000000efd00000,0x00000000effe0fd0,0x00000000f0500000)
  to   space 8704K, 0% used [0x00000000ef400000,0x00000000ef400000,0x00000000efc80000)
 ParOldGen       total 42496K, used 10677K [0x00000000c2200000, 0x00000000c4b80000, 0x00000000eb600000)
  object space 42496K, 25% used [0x00000000c2200000,0x00000000c2c6d590,0x00000000c4b80000)
 Metaspace       used 9142K, capacity 9304K, committed 9472K, reserved 1056768K
  class space    used 1133K, capacity 1180K, committed 1280K, reserved 1048576K
}
Event: 4.344 GC heap before
{Heap before GC invocations=7 (full 0):
 PSYoungGen      total 71680K, used 66435K [0x00000000eb600000, 0x00000000f0500000, 0x0000000100000000)
  eden space 63488K, 100% used [0x00000000eb600000,0x00000000ef400000,0x00000000ef400000)
  from space 8192K, 35% used [0x00000000efd00000,0x00000000effe0fd0,0x00000000f0500000)
  to   space 8704K, 0% used [0x00000000ef400000,0x00000000ef400000,0x00000000efc80000)
 ParOldGen       total 42496K, used 10677K [0x00000000c2200000, 0x00000000c4b80000, 0x00000000eb600000)
  object space 42496K, 25% used [0x00000000c2200000,0x00000000c2c6d590,0x00000000c4b80000)
 Metaspace       used 12483K, capacity 12632K, committed 12928K, reserved 1060864K
  class space    used 1525K, capacity 1564K, committed 1664K, reserved 1048576K
Event: 4.351 GC heap after
Heap after GC invocations=7 (full 0):
 PSYoungGen      total 72192K, used 3487K [0x00000000eb600000, 0x00000000f4300000, 0x0000000100000000)
  eden space 63488K, 0% used [0x00000000eb600000,0x00000000eb600000,0x00000000ef400000)
  from space 8704K, 40% used [0x00000000ef400000,0x00000000ef767f48,0x00000000efc80000)
  to   space 8704K, 0% used [0x00000000f3a80000,0x00000000f3a80000,0x00000000f4300000)
 ParOldGen       total 42496K, used 13061K [0x00000000c2200000, 0x00000000c4b80000, 0x00000000eb600000)
  object space 42496K, 30% used [0x00000000c2200000,0x00000000c2ec1720,0x00000000c4b80000)
 Metaspace       used 12483K, capacity 12632K, committed 12928K, reserved 1060864K
  class space    used 1525K, capacity 1564K, committed 1664K, reserved 1048576K
}
Event: 5.008 GC heap before
{Heap before GC invocations=8 (full 0):
 PSYoungGen      total 72192K, used 66975K [0x00000000eb600000, 0x00000000f4300000, 0x0000000100000000)
  eden space 63488K, 100% used [0x00000000eb600000,0x00000000ef400000,0x00000000ef400000)
  from space 8704K, 40% used [0x00000000ef400000,0x00000000ef767f48,0x00000000efc80000)
  to   space 8704K, 0% used [0x00000000f3a80000,0x00000000f3a80000,0x00000000f4300000)
 ParOldGen       total 42496K, used 13061K [0x00000000c2200000, 0x00000000c4b80000, 0x00000000eb600000)
  object space 42496K, 30% used [0x00000000c2200000,0x00000000c2ec1720,0x00000000c4b80000)
 Metaspace       used 16588K, capacity 16752K, committed 17024K, reserved 1064960K
  class space    used 2026K, capacity 2064K, committed 2176K, reserved 1048576K
Event: 5.016 GC heap after
Heap after GC invocations=8 (full 0):
 PSYoungGen      total 134656K, used 3736K [0x00000000eb600000, 0x00000000f4200000, 0x0000000100000000)
  eden space 126976K, 0% used [0x00000000eb600000,0x00000000eb600000,0x00000000f3200000)
  from space 7680K, 48% used [0x00000000f3a80000,0x00000000f3e26028,0x00000000f4200000)
  to   space 8192K, 0% used [0x00000000f3200000,0x00000000f3200000,0x00000000f3a00000)
 ParOldGen       total 42496K, used 13181K [0x00000000c2200000, 0x00000000c4b80000, 0x00000000eb600000)
  object space 42496K, 31% used [0x00000000c2200000,0x00000000c2edf750,0x00000000c4b80000)
 Metaspace       used 16588K, capacity 16752K, committed 17024K, reserved 1064960K
  class space    used 2026K, capacity 2064K, committed 2176K, reserved 1048576K
}
Event: 6.049 GC heap before
{Heap before GC invocations=9 (full 0):
 PSYoungGen      total 134656K, used 130712K [0x00000000eb600000, 0x00000000f4200000, 0x0000000100000000)
  eden space 126976K, 100% used [0x00000000eb600000,0x00000000f3200000,0x00000000f3200000)
  from space 7680K, 48% used [0x00000000f3a80000,0x00000000f3e26028,0x00000000f4200000)
  to   space 8192K, 0% used [0x00000000f3200000,0x00000000f3200000,0x00000000f3a00000)
 ParOldGen       total 42496K, used 13181K [0x00000000c2200000, 0x00000000c4b80000, 0x00000000eb600000)
  object space 42496K, 31% used [0x00000000c2200000,0x00000000c2edf750,0x00000000c4b80000)
 Metaspace       used 18882K, capacity 19084K, committed 19328K, reserved 1067008K
  class space    used 2342K, capacity 2389K, committed 2432K, reserved 1048576K
Event: 6.064 GC heap after
Heap after GC invocations=9 (full 0):
 PSYoungGen      total 135168K, used 4533K [0x00000000eb600000, 0x00000000f8b80000, 0x0000000100000000)
  eden space 126976K, 0% used [0x00000000eb600000,0x00000000eb600000,0x00000000f3200000)
  from space 8192K, 55% used [0x00000000f3200000,0x00000000f366d630,0x00000000f3a00000)
  to   space 7680K, 0% used [0x00000000f8400000,0x00000000f8400000,0x00000000f8b80000)
 ParOldGen       total 42496K, used 13346K [0x00000000c2200000, 0x00000000c4b80000, 0x00000000eb600000)
  object space 42496K, 31% used [0x00000000c2200000,0x00000000c2f08840,0x00000000c4b80000)
 Metaspace       used 18882K, capacity 19084K, committed 19328K, reserved 1067008K
  class space    used 2342K, capacity 2389K, committed 2432K, reserved 1048576K
}
Event: 6.939 GC heap before
{Heap before GC invocations=10 (full 0):
 PSYoungGen      total 135168K, used 131509K [0x00000000eb600000, 0x00000000f8b80000, 0x0000000100000000)
  eden space 126976K, 100% used [0x00000000eb600000,0x00000000f3200000,0x00000000f3200000)
  from space 8192K, 55% used [0x00000000f3200000,0x00000000f366d630,0x00000000f3a00000)
  to   space 7680K, 0% used [0x00000000f8400000,0x00000000f8400000,0x00000000f8b80000)
 ParOldGen       total 42496K, used 13346K [0x00000000c2200000, 0x00000000c4b80000, 0x00000000eb600000)
  object space 42496K, 31% used [0x00000000c2200000,0x00000000c2f08840,0x00000000c4b80000)
 Metaspace       used 20653K, capacity 20900K, committed 21120K, reserved 1067008K
  class space    used 2574K, capacity 2649K, committed 2688K, reserved 1048576K
Event: 7.049 GC heap after
Heap after GC invocations=10 (full 0):
 PSYoungGen      total 210944K, used 4043K [0x00000000eb600000, 0x00000000f8b80000, 0x0000000100000000)
  eden space 203264K, 0% used [0x00000000eb600000,0x00000000eb600000,0x00000000f7c80000)
  from space 7680K, 52% used [0x00000000f8400000,0x00000000f87f2c68,0x00000000f8b80000)
  to   space 7680K, 0% used [0x00000000f7c80000,0x00000000f7c80000,0x00000000f8400000)
 ParOldGen       total 42496K, used 15265K [0x00000000c2200000, 0x00000000c4b80000, 0x00000000eb600000)
  object space 42496K, 35% used [0x00000000c2200000,0x00000000c30e8410,0x00000000c4b80000)
 Metaspace       used 20653K, capacity 20900K, committed 21120K, reserved 1067008K
  class space    used 2574K, capacity 2649K, committed 2688K, reserved 1048576K
}
Event: 7.430 GC heap before
{Heap before GC invocations=11 (full 0):
 PSYoungGen      total 210944K, used 103152K [0x00000000eb600000, 0x00000000f8b80000, 0x0000000100000000)
  eden space 203264K, 48% used [0x00000000eb600000,0x00000000f16c95a0,0x00000000f7c80000)
  from space 7680K, 52% used [0x00000000f8400000,0x00000000f87f2c68,0x00000000f8b80000)
  to   space 7680K, 0% used [0x00000000f7c80000,0x00000000f7c80000,0x00000000f8400000)
 ParOldGen       total 42496K, used 15265K [0x00000000c2200000, 0x00000000c4b80000, 0x00000000eb600000)
  object space 42496K, 35% used [0x00000000c2200000,0x00000000c30e8410,0x00000000c4b80000)
 Metaspace       used 20943K, capacity 21098K, committed 21296K, reserved 1069056K
  class space    used 2593K, capacity 2650K, committed 2688K, reserved 1048576K

