# JRE version: Java(TM) SE Runtime Environment (8.0_121-b13) (build 1.8.0_121-b13)
# Java VM: Java HotSpot(TM) 64-Bit Server VM (25.121-b13 mixed mode linux-amd64 compressed oops)
Heap:
 PSYoungGen      total 210432K, used 5165K [0x00000000eb600000, 0x00000000f8a80000, 0x0000000100000000)
  eden space 203264K, 0% used [0x00000000eb600000,0x00000000eb600000,0x00000000f7c80000)
  from space 7168K, 72% used [0x00000000f7c80000,0x00000000f818b698,0x00000000f8380000)
  to   space 7168K, 0% used [0x00000000f8380000,0x00000000f8380000,0x00000000f8a80000)
 ParOldGen       total 42496K, used 16737K [0x00000000c2200000, 0x00000000c4b80000, 0x00000000eb600000)
  object space 42496K, 39% used [0x00000000c2200000,0x00000000c3258558,0x00000000c4b80000)
 Metaspace       used 20929K, capacity 21098K, committed 21296K, reserved 1069056K
  class space    used 2596K, capacity 2650K, committed 2688K, reserved 1048576K
GC Heap History (10 events):
Event: 3.723 GC heap after
Heap after GC invocations=6 (full 0):
 PSYoungGen      total 70656K, used 3847K [0x00000000eb600000, 0x00000000f0300000, 0x0000000100000000)
  eden space 63488K, 0% used [0x00000000eb600000,0x00000000eb600000,0x00000000ef400000)
  from space 7168K, 53% used [0x00000000efc00000,0x00000000effc1ed8,0x00000000f0300000)
  to   space 7680K, 0% used [0x00000000ef400000,0x00000000ef400000,0x00000000efb80000)
 ParOldGen       total 42496K, used 9526K [0x00000000c2200000, 0x00000000c4b80000, 0x00000000eb600000)
  object space 42496K, 22% used [0x00000000c2200000,0x00000000c2b4d900,0x00000000c4b80000)
 Metaspace       used 8949K, capacity 9080K, committed 9088K, reserved 1056768K
  class space    used 1123K, capacity 1148K, committed 1152K, reserved 1048576K
}
Event: 4.353 GC heap before
{Heap before GC invocations=7 (full 0):
 PSYoungGen      total 70656K, used 67335K [0x00000000eb600000, 0x00000000f0300000, 0x0000000100000000)
  eden space 63488K, 100% used [0x00000000eb600000,0x00000000ef400000,0x00000000ef400000)
  from space 7168K, 53% used [0x00000000efc00000,0x00000000effc1ed8,0x00000000f0300000)
  to   space 7680K, 0% used [0x00000000ef400000,0x00000000ef400000,0x00000000efb80000)
 ParOldGen       total 42496K, used 9526K [0x00000000c2200000, 0x00000000c4b80000, 0x00000000eb600000)
  object space 42496K, 22% used [0x00000000c2200000,0x00000000c2b4d900,0x00000000c4b80000)
 Metaspace       used 12629K, capacity 12792K, committed 12928K, reserved 1060864K
  class space    used 1549K, capacity 1596K, committed 1664K, reserved 1048576K
Event: 4.365 GC heap after
Heap after GC invocations=7 (full 0):
 PSYoungGen      total 71168K, used 4733K [0x00000000eb600000, 0x00000000f4100000, 0x0000000100000000)
  eden space 63488K, 0% used [0x00000000eb600000,0x00000000eb600000,0x00000000ef400000)
  from space 7680K, 61% used [0x00000000ef400000,0x00000000ef89f670,0x00000000efb80000)
  to   space 7680K, 0% used [0x00000000f3980000,0x00000000f3980000,0x00000000f4100000)
 ParOldGen       total 42496K, used 12034K [0x00000000c2200000, 0x00000000c4b80000, 0x00000000eb600000)
  object space 42496K, 28% used [0x00000000c2200000,0x00000000c2dc0940,0x00000000c4b80000)
 Metaspace       used 12629K, capacity 12792K, committed 12928K, reserved 1060864K
  class space    used 1549K, capacity 1596K, committed 1664K, reserved 1048576K
}
Event: 4.950 GC heap before
{Heap before GC invocations=8 (full 0):
 PSYoungGen      total 71168K, used 68221K [0x00000000eb600000, 0x00000000f4100000, 0x0000000100000000)
  eden space 63488K, 100% used [0x00000000eb600000,0x00000000ef400000,0x00000000ef400000)
  from space 7680K, 61% used [0x00000000ef400000,0x00000000ef89f670,0x00000000efb80000)
  to   space 7680K, 0% used [0x00000000f3980000,0x00000000f3980000,0x00000000f4100000)
 ParOldGen       total 42496K, used 12034K [0x00000000c2200000, 0x00000000c4b80000, 0x00000000eb600000)
  object space 42496K, 28% used [0x00000000c2200000,0x00000000c2dc0940,0x00000000c4b80000)
 Metaspace       used 16511K, capacity 16688K, committed 17024K, reserved 1064960K
  class space    used 2026K, capacity 2064K, committed 2176K, reserved 1048576K
Event: 4.956 GC heap after
Heap after GC invocations=8 (full 0):
 PSYoungGen      total 133632K, used 4516K [0x00000000eb600000, 0x00000000f4000000, 0x0000000100000000)
  eden space 126976K, 0% used [0x00000000eb600000,0x00000000eb600000,0x00000000f3200000)
  from space 6656K, 67% used [0x00000000f3980000,0x00000000f3de9320,0x00000000f4000000)
  to   space 7168K, 0% used [0x00000000f3200000,0x00000000f3200000,0x00000000f3900000)
 ParOldGen       total 42496K, used 12054K [0x00000000c2200000, 0x00000000c4b80000, 0x00000000eb600000)
  object space 42496K, 28% used [0x00000000c2200000,0x00000000c2dc5950,0x00000000c4b80000)
 Metaspace       used 16511K, capacity 16688K, committed 17024K, reserved 1064960K
  class space    used 2026K, capacity 2064K, committed 2176K, reserved 1048576K
}
Event: 5.853 GC heap before
{Heap before GC invocations=9 (full 0):
 PSYoungGen      total 133632K, used 131492K [0x00000000eb600000, 0x00000000f4000000, 0x0000000100000000)
  eden space 126976K, 100% used [0x00000000eb600000,0x00000000f3200000,0x00000000f3200000)
  from space 6656K, 67% used [0x00000000f3980000,0x00000000f3de9320,0x00000000f4000000)
  to   space 7168K, 0% used [0x00000000f3200000,0x00000000f3200000,0x00000000f3900000)
 ParOldGen       total 42496K, used 12054K [0x00000000c2200000, 0x00000000c4b80000, 0x00000000eb600000)
  object space 42496K, 28% used [0x00000000c2200000,0x00000000c2dc5950,0x00000000c4b80000)
 Metaspace       used 18796K, capacity 18956K, committed 19072K, reserved 1067008K
  class space    used 2337K, capacity 2389K, committed 2432K, reserved 1048576K
Event: 5.861 GC heap after
Heap after GC invocations=9 (full 0):
 PSYoungGen      total 134144K, used 4680K [0x00000000eb600000, 0x00000000f8a80000, 0x0000000100000000)
  eden space 126976K, 0% used [0x00000000eb600000,0x00000000eb600000,0x00000000f3200000)
  from space 7168K, 65% used [0x00000000f3200000,0x00000000f3692308,0x00000000f3900000)
  to   space 7168K, 0% used [0x00000000f8380000,0x00000000f8380000,0x00000000f8a80000)
 ParOldGen       total 42496K, used 13121K [0x00000000c2200000, 0x00000000c4b80000, 0x00000000eb600000)
  object space 42496K, 30% used [0x00000000c2200000,0x00000000c2ed07d0,0x00000000c4b80000)
 Metaspace       used 18796K, capacity 18956K, committed 19072K, reserved 1067008K
  class space    used 2337K, capacity 2389K, committed 2432K, reserved 1048576K
}
Event: 6.805 GC heap before
{Heap before GC invocations=10 (full 0):
 PSYoungGen      total 134144K, used 131656K [0x00000000eb600000, 0x00000000f8a80000, 0x0000000100000000)
  eden space 126976K, 100% used [0x00000000eb600000,0x00000000f3200000,0x00000000f3200000)
  from space 7168K, 65% used [0x00000000f3200000,0x00000000f3692308,0x00000000f3900000)
  to   space 7168K, 0% used [0x00000000f8380000,0x00000000f8380000,0x00000000f8a80000)
 ParOldGen       total 42496K, used 13121K [0x00000000c2200000, 0x00000000c4b80000, 0x00000000eb600000)
  object space 42496K, 30% used [0x00000000c2200000,0x00000000c2ed07d0,0x00000000c4b80000)
 Metaspace       used 20626K, capacity 20900K, committed 21120K, reserved 1067008K
  class space    used 2574K, capacity 2649K, committed 2688K, reserved 1048576K
Event: 6.839 GC heap after
Heap after GC invocations=10 (full 0):
 PSYoungGen      total 210432K, used 4043K [0x00000000eb600000, 0x00000000f8a80000, 0x0000000100000000)
  eden space 203264K, 0% used [0x00000000eb600000,0x00000000eb600000,0x00000000f7c80000)
  from space 7168K, 56% used [0x00000000f8380000,0x00000000f8772c68,0x00000000f8a80000)
  to   space 7168K, 0% used [0x00000000f7c80000,0x00000000f7c80000,0x00000000f8380000)
 ParOldGen       total 42496K, used 15137K [0x00000000c2200000, 0x00000000c4b80000, 0x00000000eb600000)
  object space 42496K, 35% used [0x00000000c2200000,0x00000000c30c8558,0x00000000c4b80000)
 Metaspace       used 20626K, capacity 20900K, committed 21120K, reserved 1067008K
  class space    used 2574K, capacity 2649K, committed 2688K, reserved 1048576K
}
Event: 7.395 GC heap before
{Heap before GC invocations=11 (full 0):
 PSYoungGen      total 210432K, used 114429K [0x00000000eb600000, 0x00000000f8a80000, 0x0000000100000000)
  eden space 203264K, 54% used [0x00000000eb600000,0x00000000f21cc7b0,0x00000000f7c80000)
  from space 7168K, 56% used [0x00000000f8380000,0x00000000f8772c68,0x00000000f8a80000)
  to   space 7168K, 0% used [0x00000000f7c80000,0x00000000f7c80000,0x00000000f8380000)
 ParOldGen       total 42496K, used 15137K [0x00000000c2200000, 0x00000000c4b80000, 0x00000000eb600000)
  object space 42496K, 35% used [0x00000000c2200000,0x00000000c30c8558,0x00000000c4b80000)
 Metaspace       used 20929K, capacity 21098K, committed 21296K, reserved 1069056K
  class space    used 2596K, capacity 2650K, committed 2688K, reserved 1048576K

