# JRE version: Java(TM) SE Runtime Environment (8.0_121-b13) (build 1.8.0_121-b13)
# Java VM: Java HotSpot(TM) 64-Bit Server VM (25.121-b13 mixed mode linux-amd64 compressed oops)
Heap:
 PSYoungGen      total 669184K, used 379733K [0x00000000d6600000, 0x00000000fff80000, 0x0000000100000000)
  eden space 657408K, 56% used [0x00000000d6600000,0x00000000ed04fbd0,0x00000000fe800000)
  from space 11776K, 74% used [0x00000000ff380000,0x00000000ffc05bd8,0x00000000fff00000)
  to   space 11776K, 0% used [0x00000000fe800000,0x00000000fe800000,0x00000000ff380000)
 ParOldGen       total 95744K, used 31079K [0x0000000083200000, 0x0000000088f80000, 0x00000000d6600000)
  object space 95744K, 32% used [0x0000000083200000,0x0000000085059c80,0x0000000088f80000)
 Metaspace       used 37792K, capacity 38416K, committed 38656K, reserved 1083392K
  class space    used 4628K, capacity 4816K, committed 4864K, reserved 1048576K
GC Heap History (10 events):
Event: 11.348 GC heap before
{Heap before GC invocations=12 (full 1):
 PSYoungGen      total 379392K, used 378963K [0x00000000d6600000, 0x00000000f0c80000, 0x0000000100000000)
  eden space 377344K, 100% used [0x00000000d6600000,0x00000000ed680000,0x00000000ed680000)
  from space 2048K, 79% used [0x00000000f0a80000,0x00000000f0c14d00,0x00000000f0c80000)
  to   space 11264K, 0% used [0x00000000ef680000,0x00000000ef680000,0x00000000f0180000)
 ParOldGen       total 68096K, used 21806K [0x0000000083200000, 0x0000000087480000, 0x00000000d6600000)
  object space 68096K, 32% used [0x0000000083200000,0x000000008474ba58,0x0000000087480000)
 Metaspace       used 28058K, capacity 28346K, committed 28672K, reserved 1075200K
  class space    used 3468K, capacity 3570K, committed 3584K, reserved 1048576K
Event: 11.368 GC heap after
Heap after GC invocations=12 (full 1):
 PSYoungGen      total 421376K, used 10173K [0x00000000d6600000, 0x00000000f8600000, 0x0000000100000000)
  eden space 410112K, 0% used [0x00000000d6600000,0x00000000d6600000,0x00000000ef680000)
  from space 11264K, 90% used [0x00000000ef680000,0x00000000f006f760,0x00000000f0180000)
  to   space 12288K, 0% used [0x00000000f7a00000,0x00000000f7a00000,0x00000000f8600000)
 ParOldGen       total 68096K, used 22718K [0x0000000083200000, 0x0000000087480000, 0x00000000d6600000)
  object space 68096K, 33% used [0x0000000083200000,0x000000008482fa58,0x0000000087480000)
 Metaspace       used 28058K, capacity 28346K, committed 28672K, reserved 1075200K
  class space    used 3468K, capacity 3570K, committed 3584K, reserved 1048576K
}
Event: 12.681 GC heap before
{Heap before GC invocations=13 (full 1):
 PSYoungGen      total 421376K, used 420285K [0x00000000d6600000, 0x00000000f8600000, 0x0000000100000000)
  eden space 410112K, 100% used [0x00000000d6600000,0x00000000ef680000,0x00000000ef680000)
  from space 11264K, 90% used [0x00000000ef680000,0x00000000f006f760,0x00000000f0180000)
  to   space 12288K, 0% used [0x00000000f7a00000,0x00000000f7a00000,0x00000000f8600000)
 ParOldGen       total 68096K, used 22718K [0x0000000083200000, 0x0000000087480000, 0x00000000d6600000)
  object space 68096K, 33% used [0x0000000083200000,0x000000008482fa58,0x0000000087480000)
 Metaspace       used 29628K, capacity 29906K, committed 30080K, reserved 1075200K
  class space    used 3642K, capacity 3702K, committed 3712K, reserved 1048576K
Event: 12.694 GC heap after
Heap after GC invocations=13 (full 1):
 PSYoungGen      total 544768K, used 8224K [0x00000000d6600000, 0x00000000faa80000, 0x0000000100000000)
  eden space 532480K, 0% used [0x00000000d6600000,0x00000000d6600000,0x00000000f6e00000)
  from space 12288K, 66% used [0x00000000f7a00000,0x00000000f8208318,0x00000000f8600000)
  to   space 12288K, 0% used [0x00000000f6e00000,0x00000000f6e00000,0x00000000f7a00000)
 ParOldGen       total 68096K, used 26490K [0x0000000083200000, 0x0000000087480000, 0x00000000d6600000)
  object space 68096K, 38% used [0x0000000083200000,0x0000000084bdeae8,0x0000000087480000)
 Metaspace       used 29628K, capacity 29906K, committed 30080K, reserved 1075200K
  class space    used 3642K, capacity 3702K, committed 3712K, reserved 1048576K
}
Event: 14.587 GC heap before
{Heap before GC invocations=14 (full 1):
 PSYoungGen      total 544768K, used 478045K [0x00000000d6600000, 0x00000000faa80000, 0x0000000100000000)
  eden space 532480K, 88% used [0x00000000d6600000,0x00000000f30cf4a0,0x00000000f6e00000)
  from space 12288K, 66% used [0x00000000f7a00000,0x00000000f8208318,0x00000000f8600000)
  to   space 12288K, 0% used [0x00000000f6e00000,0x00000000f6e00000,0x00000000f7a00000)
 ParOldGen       total 68096K, used 26490K [0x0000000083200000, 0x0000000087480000, 0x00000000d6600000)
  object space 68096K, 38% used [0x0000000083200000,0x0000000084bdeae8,0x0000000087480000)
 Metaspace       used 34744K, capacity 35180K, committed 35456K, reserved 1081344K
  class space    used 4278K, capacity 4436K, committed 4480K, reserved 1048576K
Event: 14.615 GC heap after
Heap after GC invocations=14 (full 1):
 PSYoungGen      total 544768K, used 6808K [0x00000000d6600000, 0x00000000fff00000, 0x0000000100000000)
  eden space 532480K, 0% used [0x00000000d6600000,0x00000000d6600000,0x00000000f6e00000)
  from space 12288K, 55% used [0x00000000f6e00000,0x00000000f74a63d0,0x00000000f7a00000)
  to   space 11776K, 0% used [0x00000000ff380000,0x00000000ff380000,0x00000000fff00000)
 ParOldGen       total 68096K, used 29090K [0x0000000083200000, 0x0000000087480000, 0x00000000d6600000)
  object space 68096K, 42% used [0x0000000083200000,0x0000000084e68b28,0x0000000087480000)
 Metaspace       used 34744K, capacity 35180K, committed 35456K, reserved 1081344K
  class space    used 4278K, capacity 4436K, committed 4480K, reserved 1048576K
}
Event: 14.615 GC heap before
{Heap before GC invocations=15 (full 2):
 PSYoungGen      total 544768K, used 6808K [0x00000000d6600000, 0x00000000fff00000, 0x0000000100000000)
  eden space 532480K, 0% used [0x00000000d6600000,0x00000000d6600000,0x00000000f6e00000)
  from space 12288K, 55% used [0x00000000f6e00000,0x00000000f74a63d0,0x00000000f7a00000)
  to   space 11776K, 0% used [0x00000000ff380000,0x00000000ff380000,0x00000000fff00000)
 ParOldGen       total 68096K, used 29090K [0x0000000083200000, 0x0000000087480000, 0x00000000d6600000)
  object space 68096K, 42% used [0x0000000083200000,0x0000000084e68b28,0x0000000087480000)
 Metaspace       used 34744K, capacity 35180K, committed 35456K, reserved 1081344K
  class space    used 4278K, capacity 4436K, committed 4480K, reserved 1048576K
Event: 14.756 GC heap after
Heap after GC invocations=15 (full 2):
 PSYoungGen      total 544768K, used 0K [0x00000000d6600000, 0x00000000fff00000, 0x0000000100000000)
  eden space 532480K, 0% used [0x00000000d6600000,0x00000000d6600000,0x00000000f6e00000)
  from space 12288K, 0% used [0x00000000f6e00000,0x00000000f6e00000,0x00000000f7a00000)
  to   space 11776K, 0% used [0x00000000ff380000,0x00000000ff380000,0x00000000fff00000)
 ParOldGen       total 95744K, used 31079K [0x0000000083200000, 0x0000000088f80000, 0x00000000d6600000)
  object space 95744K, 32% used [0x0000000083200000,0x0000000085059c80,0x0000000088f80000)
 Metaspace       used 34744K, capacity 35180K, committed 35456K, reserved 1081344K
  class space    used 4278K, capacity 4436K, committed 4480K, reserved 1048576K
}
Event: 16.556 GC heap before
{Heap before GC invocations=16 (full 2):
 PSYoungGen      total 544768K, used 532480K [0x00000000d6600000, 0x00000000fff00000, 0x0000000100000000)
  eden space 532480K, 100% used [0x00000000d6600000,0x00000000f6e00000,0x00000000f6e00000)
  from space 12288K, 0% used [0x00000000f6e00000,0x00000000f6e00000,0x00000000f7a00000)
  to   space 11776K, 0% used [0x00000000ff380000,0x00000000ff380000,0x00000000fff00000)
 ParOldGen       total 95744K, used 31079K [0x0000000083200000, 0x0000000088f80000, 0x00000000d6600000)
  object space 95744K, 32% used [0x0000000083200000,0x0000000085059c80,0x0000000088f80000)
 Metaspace       used 36192K, capacity 36682K, committed 37120K, reserved 1081344K
  class space    used 4468K, capacity 4607K, committed 4608K, reserved 1048576K
Event: 16.580 GC heap after
Heap after GC invocations=16 (full 2):
 PSYoungGen      total 669184K, used 8726K [0x00000000d6600000, 0x00000000fff80000, 0x0000000100000000)
  eden space 657408K, 0% used [0x00000000d6600000,0x00000000d6600000,0x00000000fe800000)
  from space 11776K, 74% used [0x00000000ff380000,0x00000000ffc05bd8,0x00000000fff00000)
  to   space 11776K, 0% used [0x00000000fe800000,0x00000000fe800000,0x00000000ff380000)
 ParOldGen       total 95744K, used 31079K [0x0000000083200000, 0x0000000088f80000, 0x00000000d6600000)
  object space 95744K, 32% used [0x0000000083200000,0x0000000085059c80,0x0000000088f80000)
 Metaspace       used 36192K, capacity 36682K, committed 37120K, reserved 1081344K
  class space    used 4468K, capacity 4607K, committed 4608K, reserved 1048576K
}

