# JRE version: Java(TM) SE Runtime Environment (8.0_111-b14) (build 1.8.0_111-b14)
# Java VM: Java HotSpot(TM) 64-Bit Server VM (25.111-b14 mixed mode linux-amd64 compressed oops)
Heap:
 PSYoungGen      total 273408K, used 7948K [0x00000000d6600000, 0x00000000e7c00000, 0x0000000100000000)
  eden space 262144K, 0% used [0x00000000d6600000,0x00000000d6600000,0x00000000e6600000)
  from space 11264K, 70% used [0x00000000e6600000,0x00000000e6dc31a0,0x00000000e7100000)
  to   space 10752K, 0% used [0x00000000e7180000,0x00000000e7180000,0x00000000e7c00000)
 ParOldGen       total 86016K, used 20363K [0x0000000083200000, 0x0000000088600000, 0x00000000d6600000)
  object space 86016K, 23% used [0x0000000083200000,0x00000000845e2e28,0x0000000088600000)
 Metaspace       used 20898K, capacity 21098K, committed 21296K, reserved 1069056K
  class space    used 2600K, capacity 2650K, committed 2688K, reserved 1048576K
GC Heap History (10 events):
Event: 0.806 GC heap after
Heap after GC invocations=2 (full 0):
 PSYoungGen      total 70656K, used 5088K [0x00000000d6600000, 0x00000000db000000, 0x0000000100000000)
  eden space 65536K, 0% used [0x00000000d6600000,0x00000000d6600000,0x00000000da600000)
  from space 5120K, 99% used [0x00000000dab00000,0x00000000daff8020,0x00000000db000000)
  to   space 5120K, 0% used [0x00000000da600000,0x00000000da600000,0x00000000dab00000)
 ParOldGen       total 86016K, used 3380K [0x0000000083200000, 0x0000000088600000, 0x00000000d6600000)
  object space 86016K, 3% used [0x0000000083200000,0x000000008354d2c0,0x0000000088600000)
 Metaspace       used 6437K, capacity 6578K, committed 6784K, reserved 1056768K
  class space    used 771K, capacity 827K, committed 896K, reserved 1048576K
}
Event: 1.216 GC heap before
{Heap before GC invocations=3 (full 0):
 PSYoungGen      total 70656K, used 70624K [0x00000000d6600000, 0x00000000db000000, 0x0000000100000000)
  eden space 65536K, 100% used [0x00000000d6600000,0x00000000da600000,0x00000000da600000)
  from space 5120K, 99% used [0x00000000dab00000,0x00000000daff8020,0x00000000db000000)
  to   space 5120K, 0% used [0x00000000da600000,0x00000000da600000,0x00000000dab00000)
 ParOldGen       total 86016K, used 3380K [0x0000000083200000, 0x0000000088600000, 0x00000000d6600000)
  object space 86016K, 3% used [0x0000000083200000,0x000000008354d2c0,0x0000000088600000)
 Metaspace       used 9724K, capacity 9944K, committed 9984K, reserved 1058816K
  class space    used 1185K, capacity 1244K, committed 1280K, reserved 1048576K
Event: 1.228 GC heap after
Heap after GC invocations=3 (full 0):
 PSYoungGen      total 70656K, used 5104K [0x00000000d6600000, 0x00000000df000000, 0x0000000100000000)
  eden space 65536K, 0% used [0x00000000d6600000,0x00000000d6600000,0x00000000da600000)
  from space 5120K, 99% used [0x00000000da600000,0x00000000daafc010,0x00000000dab00000)
  to   space 5120K, 0% used [0x00000000deb00000,0x00000000deb00000,0x00000000df000000)
 ParOldGen       total 86016K, used 8990K [0x0000000083200000, 0x0000000088600000, 0x00000000d6600000)
  object space 86016K, 10% used [0x0000000083200000,0x0000000083ac7a08,0x0000000088600000)
 Metaspace       used 9724K, capacity 9944K, committed 9984K, reserved 1058816K
  class space    used 1185K, capacity 1244K, committed 1280K, reserved 1048576K
}
Event: 1.519 GC heap before
{Heap before GC invocations=4 (full 0):
 PSYoungGen      total 70656K, used 70640K [0x00000000d6600000, 0x00000000df000000, 0x0000000100000000)
  eden space 65536K, 100% used [0x00000000d6600000,0x00000000da600000,0x00000000da600000)
  from space 5120K, 99% used [0x00000000da600000,0x00000000daafc010,0x00000000dab00000)
  to   space 5120K, 0% used [0x00000000deb00000,0x00000000deb00000,0x00000000df000000)
 ParOldGen       total 86016K, used 8990K [0x0000000083200000, 0x0000000088600000, 0x00000000d6600000)
  object space 86016K, 10% used [0x0000000083200000,0x0000000083ac7a08,0x0000000088600000)
 Metaspace       used 12690K, capacity 12856K, committed 12928K, reserved 1060864K
  class space    used 1555K, capacity 1596K, committed 1664K, reserved 1048576K
Event: 1.530 GC heap after
Heap after GC invocations=4 (full 0):
 PSYoungGen      total 136192K, used 5120K [0x00000000d6600000, 0x00000000df000000, 0x0000000100000000)
  eden space 131072K, 0% used [0x00000000d6600000,0x00000000d6600000,0x00000000de600000)
  from space 5120K, 100% used [0x00000000deb00000,0x00000000df000000,0x00000000df000000)
  to   space 5120K, 0% used [0x00000000de600000,0x00000000de600000,0x00000000deb00000)
 ParOldGen       total 86016K, used 11428K [0x0000000083200000, 0x0000000088600000, 0x00000000d6600000)
  object space 86016K, 13% used [0x0000000083200000,0x0000000083d293c8,0x0000000088600000)
 Metaspace       used 12690K, capacity 12856K, committed 12928K, reserved 1060864K
  class space    used 1555K, capacity 1596K, committed 1664K, reserved 1048576K
}
Event: 2.244 GC heap before
{Heap before GC invocations=5 (full 0):
 PSYoungGen      total 136192K, used 136192K [0x00000000d6600000, 0x00000000df000000, 0x0000000100000000)
  eden space 131072K, 100% used [0x00000000d6600000,0x00000000de600000,0x00000000de600000)
  from space 5120K, 100% used [0x00000000deb00000,0x00000000df000000,0x00000000df000000)
  to   space 5120K, 0% used [0x00000000de600000,0x00000000de600000,0x00000000deb00000)
 ParOldGen       total 86016K, used 11428K [0x0000000083200000, 0x0000000088600000, 0x00000000d6600000)
  object space 86016K, 13% used [0x0000000083200000,0x0000000083d293c8,0x0000000088600000)
 Metaspace       used 17781K, capacity 17990K, committed 18176K, reserved 1064960K
  class space    used 2197K, capacity 2260K, committed 2304K, reserved 1048576K
Event: 2.275 GC heap after
Heap after GC invocations=5 (full 0):
 PSYoungGen      total 136192K, used 5088K [0x00000000d6600000, 0x00000000e7d00000, 0x0000000100000000)
  eden space 131072K, 0% used [0x00000000d6600000,0x00000000d6600000,0x00000000de600000)
  from space 5120K, 99% used [0x00000000de600000,0x00000000deaf8020,0x00000000deb00000)
  to   space 11776K, 0% used [0x00000000e7180000,0x00000000e7180000,0x00000000e7d00000)
 ParOldGen       total 86016K, used 15819K [0x0000000083200000, 0x0000000088600000, 0x00000000d6600000)
  object space 86016K, 18% used [0x0000000083200000,0x0000000084172e70,0x0000000088600000)
 Metaspace       used 17781K, capacity 17990K, committed 18176K, reserved 1064960K
  class space    used 2197K, capacity 2260K, committed 2304K, reserved 1048576K
}
Event: 2.776 GC heap before
{Heap before GC invocations=6 (full 0):
 PSYoungGen      total 136192K, used 136160K [0x00000000d6600000, 0x00000000e7d00000, 0x0000000100000000)
  eden space 131072K, 100% used [0x00000000d6600000,0x00000000de600000,0x00000000de600000)
  from space 5120K, 99% used [0x00000000de600000,0x00000000deaf8020,0x00000000deb00000)
  to   space 11776K, 0% used [0x00000000e7180000,0x00000000e7180000,0x00000000e7d00000)
 ParOldGen       total 86016K, used 15819K [0x0000000083200000, 0x0000000088600000, 0x00000000d6600000)
  object space 86016K, 18% used [0x0000000083200000,0x0000000084172e70,0x0000000088600000)
 Metaspace       used 19850K, capacity 20076K, committed 20224K, reserved 1067008K
  class space    used 2493K, capacity 2549K, committed 2560K, reserved 1048576K
Event: 2.807 GC heap after
Heap after GC invocations=6 (full 0):
 PSYoungGen      total 272896K, used 7380K [0x00000000d6600000, 0x00000000e7c00000, 0x0000000100000000)
  eden space 262144K, 0% used [0x00000000d6600000,0x00000000d6600000,0x00000000e6600000)
  from space 10752K, 68% used [0x00000000e7180000,0x00000000e78b5338,0x00000000e7c00000)
  to   space 11264K, 0% used [0x00000000e6600000,0x00000000e6600000,0x00000000e7100000)
 ParOldGen       total 86016K, used 15827K [0x0000000083200000, 0x0000000088600000, 0x00000000d6600000)
  object space 86016K, 18% used [0x0000000083200000,0x0000000084174e70,0x0000000088600000)
 Metaspace       used 19850K, capacity 20076K, committed 20224K, reserved 1067008K
  class space    used 2493K, capacity 2549K, committed 2560K, reserved 1048576K
}
Event: 3.784 GC heap before
{Heap before GC invocations=7 (full 0):
 PSYoungGen      total 272896K, used 199702K [0x00000000d6600000, 0x00000000e7c00000, 0x0000000100000000)
  eden space 262144K, 73% used [0x00000000d6600000,0x00000000e21d0810,0x00000000e6600000)
  from space 10752K, 68% used [0x00000000e7180000,0x00000000e78b5338,0x00000000e7c00000)
  to   space 11264K, 0% used [0x00000000e6600000,0x00000000e6600000,0x00000000e7100000)
 ParOldGen       total 86016K, used 15827K [0x0000000083200000, 0x0000000088600000, 0x00000000d6600000)
  object space 86016K, 18% used [0x0000000083200000,0x0000000084174e70,0x0000000088600000)
 Metaspace       used 20898K, capacity 21098K, committed 21296K, reserved 1069056K
  class space    used 2600K, capacity 2650K, committed 2688K, reserved 1048576K

