# JRE version: Java(TM) SE Runtime Environment (8.0_121-b13) (build 1.8.0_121-b13)
# Java VM: Java HotSpot(TM) 64-Bit Server VM (25.121-b13 mixed mode linux-amd64 compressed oops)
Heap:
 PSYoungGen      total 211456K, used 8439K [0x00000000eb600000, 0x00000000f8e00000, 0x0000000100000000)
  eden space 201728K, 0% used [0x00000000eb600000,0x00000000eb600000,0x00000000f7b00000)
  from space 9728K, 86% used [0x00000000f7b00000,0x00000000f833de78,0x00000000f8480000)
  to   space 9728K, 0% used [0x00000000f8480000,0x00000000f8480000,0x00000000f8e00000)
 ParOldGen       total 42496K, used 16723K [0x00000000c2200000, 0x00000000c4b80000, 0x00000000eb600000)
  object space 42496K, 39% used [0x00000000c2200000,0x00000000c3254cd0,0x00000000c4b80000)
 Metaspace       used 19276K, capacity 19470K, committed 19712K, reserved 1067008K
  class space    used 2361K, capacity 2455K, committed 2560K, reserved 1048576K
GC Heap History (10 events):
Event: 4.120 GC heap after
Heap after GC invocations=6 (full 0):
 PSYoungGen      total 70656K, used 3168K [0x00000000eb600000, 0x00000000f0300000, 0x0000000100000000)
  eden space 63488K, 0% used [0x00000000eb600000,0x00000000eb600000,0x00000000ef400000)
  from space 7168K, 44% used [0x00000000efc00000,0x00000000eff18000,0x00000000f0300000)
  to   space 7680K, 0% used [0x00000000ef400000,0x00000000ef400000,0x00000000efb80000)
 ParOldGen       total 42496K, used 7327K [0x00000000c2200000, 0x00000000c4b80000, 0x00000000eb600000)
  object space 42496K, 17% used [0x00000000c2200000,0x00000000c2927c48,0x00000000c4b80000)
 Metaspace       used 6696K, capacity 6854K, committed 7040K, reserved 1056768K
  class space    used 802K, capacity 859K, committed 896K, reserved 1048576K
}
Event: 4.538 GC heap before
{Heap before GC invocations=7 (full 0):
 PSYoungGen      total 70656K, used 66656K [0x00000000eb600000, 0x00000000f0300000, 0x0000000100000000)
  eden space 63488K, 100% used [0x00000000eb600000,0x00000000ef400000,0x00000000ef400000)
  from space 7168K, 44% used [0x00000000efc00000,0x00000000eff18000,0x00000000f0300000)
  to   space 7680K, 0% used [0x00000000ef400000,0x00000000ef400000,0x00000000efb80000)
 ParOldGen       total 42496K, used 7327K [0x00000000c2200000, 0x00000000c4b80000, 0x00000000eb600000)
  object space 42496K, 17% used [0x00000000c2200000,0x00000000c2927c48,0x00000000c4b80000)
 Metaspace       used 9495K, capacity 9650K, committed 9728K, reserved 1058816K
  class space    used 1163K, capacity 1213K, committed 1280K, reserved 1048576K
Event: 4.545 GC heap after
Heap after GC invocations=7 (full 0):
 PSYoungGen      total 71168K, used 5533K [0x00000000eb600000, 0x00000000f4200000, 0x0000000100000000)
  eden space 63488K, 0% used [0x00000000eb600000,0x00000000eb600000,0x00000000ef400000)
  from space 7680K, 72% used [0x00000000ef400000,0x00000000ef967410,0x00000000efb80000)
  to   space 8192K, 0% used [0x00000000f3a00000,0x00000000f3a00000,0x00000000f4200000)
 ParOldGen       total 42496K, used 9787K [0x00000000c2200000, 0x00000000c4b80000, 0x00000000eb600000)
  object space 42496K, 23% used [0x00000000c2200000,0x00000000c2b8ed88,0x00000000c4b80000)
 Metaspace       used 9495K, capacity 9650K, committed 9728K, reserved 1058816K
  class space    used 1163K, capacity 1213K, committed 1280K, reserved 1048576K
}
Event: 4.989 GC heap before
{Heap before GC invocations=8 (full 0):
 PSYoungGen      total 71168K, used 69021K [0x00000000eb600000, 0x00000000f4200000, 0x0000000100000000)
  eden space 63488K, 100% used [0x00000000eb600000,0x00000000ef400000,0x00000000ef400000)
  from space 7680K, 72% used [0x00000000ef400000,0x00000000ef967410,0x00000000efb80000)
  to   space 8192K, 0% used [0x00000000f3a00000,0x00000000f3a00000,0x00000000f4200000)
 ParOldGen       total 42496K, used 9787K [0x00000000c2200000, 0x00000000c4b80000, 0x00000000eb600000)
  object space 42496K, 23% used [0x00000000c2200000,0x00000000c2b8ed88,0x00000000c4b80000)
 Metaspace       used 11996K, capacity 12114K, committed 12288K, reserved 1060864K
  class space    used 1458K, capacity 1501K, committed 1536K, reserved 1048576K
Event: 4.994 GC heap after
Heap after GC invocations=8 (full 0):
 PSYoungGen      total 134144K, used 6930K [0x00000000eb600000, 0x00000000f4400000, 0x0000000100000000)
  eden space 125952K, 0% used [0x00000000eb600000,0x00000000eb600000,0x00000000f3100000)
  from space 8192K, 84% used [0x00000000f3a00000,0x00000000f40c4830,0x00000000f4200000)
  to   space 9216K, 0% used [0x00000000f3100000,0x00000000f3100000,0x00000000f3a00000)
 ParOldGen       total 42496K, used 9819K [0x00000000c2200000, 0x00000000c4b80000, 0x00000000eb600000)
  object space 42496K, 23% used [0x00000000c2200000,0x00000000c2b96d88,0x00000000c4b80000)
 Metaspace       used 11996K, capacity 12114K, committed 12288K, reserved 1060864K
  class space    used 1458K, capacity 1501K, committed 1536K, reserved 1048576K
}
Event: 5.886 GC heap before
{Heap before GC invocations=9 (full 0):
 PSYoungGen      total 134144K, used 132882K [0x00000000eb600000, 0x00000000f4400000, 0x0000000100000000)
  eden space 125952K, 100% used [0x00000000eb600000,0x00000000f3100000,0x00000000f3100000)
  from space 8192K, 84% used [0x00000000f3a00000,0x00000000f40c4830,0x00000000f4200000)
  to   space 9216K, 0% used [0x00000000f3100000,0x00000000f3100000,0x00000000f3a00000)
 ParOldGen       total 42496K, used 9819K [0x00000000c2200000, 0x00000000c4b80000, 0x00000000eb600000)
  object space 42496K, 23% used [0x00000000c2200000,0x00000000c2b96d88,0x00000000c4b80000)
 Metaspace       used 16416K, capacity 16618K, committed 16768K, reserved 1064960K
  class space    used 2004K, capacity 2065K, committed 2176K, reserved 1048576K
Event: 5.893 GC heap after
Heap after GC invocations=9 (full 0):
 PSYoungGen      total 135168K, used 7729K [0x00000000eb600000, 0x00000000f8e00000, 0x0000000100000000)
  eden space 125952K, 0% used [0x00000000eb600000,0x00000000eb600000,0x00000000f3100000)
  from space 9216K, 83% used [0x00000000f3100000,0x00000000f388c678,0x00000000f3a00000)
  to   space 9728K, 0% used [0x00000000f8480000,0x00000000f8480000,0x00000000f8e00000)
 ParOldGen       total 42496K, used 10143K [0x00000000c2200000, 0x00000000c4b80000, 0x00000000eb600000)
  object space 42496K, 23% used [0x00000000c2200000,0x00000000c2be7da8,0x00000000c4b80000)
 Metaspace       used 16416K, capacity 16618K, committed 16768K, reserved 1064960K
  class space    used 2004K, capacity 2065K, committed 2176K, reserved 1048576K
}
Event: 6.633 GC heap before
{Heap before GC invocations=10 (full 0):
 PSYoungGen      total 135168K, used 133681K [0x00000000eb600000, 0x00000000f8e00000, 0x0000000100000000)
  eden space 125952K, 100% used [0x00000000eb600000,0x00000000f3100000,0x00000000f3100000)
  from space 9216K, 83% used [0x00000000f3100000,0x00000000f388c678,0x00000000f3a00000)
  to   space 9728K, 0% used [0x00000000f8480000,0x00000000f8480000,0x00000000f8e00000)
 ParOldGen       total 42496K, used 10143K [0x00000000c2200000, 0x00000000c4b80000, 0x00000000eb600000)
  object space 42496K, 23% used [0x00000000c2200000,0x00000000c2be7da8,0x00000000c4b80000)
 Metaspace       used 18491K, capacity 18678K, committed 18816K, reserved 1064960K
  class space    used 2285K, capacity 2323K, committed 2432K, reserved 1048576K
Event: 6.645 GC heap after
Heap after GC invocations=10 (full 0):
 PSYoungGen      total 211456K, used 3687K [0x00000000eb600000, 0x00000000f8e00000, 0x0000000100000000)
  eden space 201728K, 0% used [0x00000000eb600000,0x00000000eb600000,0x00000000f7b00000)
  from space 9728K, 37% used [0x00000000f8480000,0x00000000f8819f70,0x00000000f8e00000)
  to   space 9728K, 0% used [0x00000000f7b00000,0x00000000f7b00000,0x00000000f8480000)
 ParOldGen       total 42496K, used 14404K [0x00000000c2200000, 0x00000000c4b80000, 0x00000000eb600000)
  object space 42496K, 33% used [0x00000000c2200000,0x00000000c3011110,0x00000000c4b80000)
 Metaspace       used 18491K, capacity 18678K, committed 18816K, reserved 1064960K
  class space    used 2285K, capacity 2323K, committed 2432K, reserved 1048576K
}
Event: 7.667 GC heap before
{Heap before GC invocations=11 (full 0):
 PSYoungGen      total 211456K, used 205415K [0x00000000eb600000, 0x00000000f8e00000, 0x0000000100000000)
  eden space 201728K, 100% used [0x00000000eb600000,0x00000000f7b00000,0x00000000f7b00000)
  from space 9728K, 37% used [0x00000000f8480000,0x00000000f8819f70,0x00000000f8e00000)
  to   space 9728K, 0% used [0x00000000f7b00000,0x00000000f7b00000,0x00000000f8480000)
 ParOldGen       total 42496K, used 14404K [0x00000000c2200000, 0x00000000c4b80000, 0x00000000eb600000)
  object space 42496K, 33% used [0x00000000c2200000,0x00000000c3011110,0x00000000c4b80000)
 Metaspace       used 19276K, capacity 19470K, committed 19712K, reserved 1067008K
  class space    used 2361K, capacity 2455K, committed 2560K, reserved 1048576K

