# JRE version: Java(TM) SE Runtime Environment (8.0_121-b13) (build 1.8.0_121-b13)
# Java VM: Java HotSpot(TM) 64-Bit Server VM (25.121-b13 mixed mode linux-amd64 compressed oops)
Heap:
 PSYoungGen      total 212480K, used 8598K [0x00000000eb600000, 0x00000000f8f00000, 0x0000000100000000)
  eden space 202752K, 0% used [0x00000000eb600000,0x00000000eb600000,0x00000000f7c00000)
  from space 9728K, 88% used [0x00000000f7c00000,0x00000000f8465820,0x00000000f8580000)
  to   space 9728K, 0% used [0x00000000f8580000,0x00000000f8580000,0x00000000f8f00000)
 ParOldGen       total 42496K, used 16770K [0x00000000c2200000, 0x00000000c4b80000, 0x00000000eb600000)
  object space 42496K, 39% used [0x00000000c2200000,0x00000000c3260828,0x00000000c4b80000)
 Metaspace       used 19346K, capacity 19594K, committed 19968K, reserved 1067008K
  class space    used 2371K, capacity 2455K, committed 2560K, reserved 1048576K
GC Heap History (10 events):
Event: 4.644 GC heap after
Heap after GC invocations=6 (full 0):
 PSYoungGen      total 70656K, used 3136K [0x00000000eb600000, 0x00000000f0300000, 0x0000000100000000)
  eden space 63488K, 0% used [0x00000000eb600000,0x00000000eb600000,0x00000000ef400000)
  from space 7168K, 43% used [0x00000000efc00000,0x00000000eff10000,0x00000000f0300000)
  to   space 7680K, 0% used [0x00000000ef400000,0x00000000ef400000,0x00000000efb80000)
 ParOldGen       total 42496K, used 7332K [0x00000000c2200000, 0x00000000c4b80000, 0x00000000eb600000)
  object space 42496K, 17% used [0x00000000c2200000,0x00000000c2929218,0x00000000c4b80000)
 Metaspace       used 6707K, capacity 6850K, committed 7040K, reserved 1056768K
  class space    used 804K, capacity 859K, committed 896K, reserved 1048576K
}
Event: 5.177 GC heap before
{Heap before GC invocations=7 (full 0):
 PSYoungGen      total 70656K, used 66624K [0x00000000eb600000, 0x00000000f0300000, 0x0000000100000000)
  eden space 63488K, 100% used [0x00000000eb600000,0x00000000ef400000,0x00000000ef400000)
  from space 7168K, 43% used [0x00000000efc00000,0x00000000eff10000,0x00000000f0300000)
  to   space 7680K, 0% used [0x00000000ef400000,0x00000000ef400000,0x00000000efb80000)
 ParOldGen       total 42496K, used 7332K [0x00000000c2200000, 0x00000000c4b80000, 0x00000000eb600000)
  object space 42496K, 17% used [0x00000000c2200000,0x00000000c2929218,0x00000000c4b80000)
 Metaspace       used 9481K, capacity 9646K, committed 9728K, reserved 1058816K
  class space    used 1162K, capacity 1213K, committed 1280K, reserved 1048576K
Event: 5.184 GC heap after
Heap after GC invocations=7 (full 0):
 PSYoungGen      total 71168K, used 5495K [0x00000000eb600000, 0x00000000f4200000, 0x0000000100000000)
  eden space 63488K, 0% used [0x00000000eb600000,0x00000000eb600000,0x00000000ef400000)
  from space 7680K, 71% used [0x00000000ef400000,0x00000000ef95dfd8,0x00000000efb80000)
  to   space 8192K, 0% used [0x00000000f3a00000,0x00000000f3a00000,0x00000000f4200000)
 ParOldGen       total 42496K, used 9745K [0x00000000c2200000, 0x00000000c4b80000, 0x00000000eb600000)
  object space 42496K, 22% used [0x00000000c2200000,0x00000000c2b844f0,0x00000000c4b80000)
 Metaspace       used 9481K, capacity 9646K, committed 9728K, reserved 1058816K
  class space    used 1162K, capacity 1213K, committed 1280K, reserved 1048576K
}
Event: 5.856 GC heap before
{Heap before GC invocations=8 (full 0):
 PSYoungGen      total 71168K, used 68983K [0x00000000eb600000, 0x00000000f4200000, 0x0000000100000000)
  eden space 63488K, 100% used [0x00000000eb600000,0x00000000ef400000,0x00000000ef400000)
  from space 7680K, 71% used [0x00000000ef400000,0x00000000ef95dfd8,0x00000000efb80000)
  to   space 8192K, 0% used [0x00000000f3a00000,0x00000000f3a00000,0x00000000f4200000)
 ParOldGen       total 42496K, used 9745K [0x00000000c2200000, 0x00000000c4b80000, 0x00000000eb600000)
  object space 42496K, 22% used [0x00000000c2200000,0x00000000c2b844f0,0x00000000c4b80000)
 Metaspace       used 12084K, capacity 12270K, committed 12288K, reserved 1060864K
  class space    used 1471K, capacity 1533K, committed 1536K, reserved 1048576K
Event: 5.860 GC heap after
Heap after GC invocations=8 (full 0):
 PSYoungGen      total 134656K, used 6811K [0x00000000eb600000, 0x00000000f4300000, 0x0000000100000000)
  eden space 126464K, 0% used [0x00000000eb600000,0x00000000eb600000,0x00000000f3180000)
  from space 8192K, 83% used [0x00000000f3a00000,0x00000000f40a6cd8,0x00000000f4200000)
  to   space 8704K, 0% used [0x00000000f3180000,0x00000000f3180000,0x00000000f3a00000)
 ParOldGen       total 42496K, used 9785K [0x00000000c2200000, 0x00000000c4b80000, 0x00000000eb600000)
  object space 42496K, 23% used [0x00000000c2200000,0x00000000c2b8e4f0,0x00000000c4b80000)
 Metaspace       used 12084K, capacity 12270K, committed 12288K, reserved 1060864K
  class space    used 1471K, capacity 1533K, committed 1536K, reserved 1048576K
}
Event: 6.926 GC heap before
{Heap before GC invocations=9 (full 0):
 PSYoungGen      total 134656K, used 133275K [0x00000000eb600000, 0x00000000f4300000, 0x0000000100000000)
  eden space 126464K, 100% used [0x00000000eb600000,0x00000000f3180000,0x00000000f3180000)
  from space 8192K, 83% used [0x00000000f3a00000,0x00000000f40a6cd8,0x00000000f4200000)
  to   space 8704K, 0% used [0x00000000f3180000,0x00000000f3180000,0x00000000f3a00000)
 ParOldGen       total 42496K, used 9785K [0x00000000c2200000, 0x00000000c4b80000, 0x00000000eb600000)
  object space 42496K, 23% used [0x00000000c2200000,0x00000000c2b8e4f0,0x00000000c4b80000)
 Metaspace       used 16420K, capacity 16614K, committed 16768K, reserved 1064960K
  class space    used 2007K, capacity 2065K, committed 2176K, reserved 1048576K
Event: 6.938 GC heap after
Heap after GC invocations=9 (full 0):
 PSYoungGen      total 135168K, used 7800K [0x00000000eb600000, 0x00000000f8f00000, 0x0000000100000000)
  eden space 126464K, 0% used [0x00000000eb600000,0x00000000eb600000,0x00000000f3180000)
  from space 8704K, 89% used [0x00000000f3180000,0x00000000f391e1f0,0x00000000f3a00000)
  to   space 9728K, 0% used [0x00000000f8580000,0x00000000f8580000,0x00000000f8f00000)
 ParOldGen       total 42496K, used 10061K [0x00000000c2200000, 0x00000000c4b80000, 0x00000000eb600000)
  object space 42496K, 23% used [0x00000000c2200000,0x00000000c2bd3500,0x00000000c4b80000)
 Metaspace       used 16420K, capacity 16614K, committed 16768K, reserved 1064960K
  class space    used 2007K, capacity 2065K, committed 2176K, reserved 1048576K
}
Event: 7.856 GC heap before
{Heap before GC invocations=10 (full 0):
 PSYoungGen      total 135168K, used 134264K [0x00000000eb600000, 0x00000000f8f00000, 0x0000000100000000)
  eden space 126464K, 100% used [0x00000000eb600000,0x00000000f3180000,0x00000000f3180000)
  from space 8704K, 89% used [0x00000000f3180000,0x00000000f391e1f0,0x00000000f3a00000)
  to   space 9728K, 0% used [0x00000000f8580000,0x00000000f8580000,0x00000000f8f00000)
 ParOldGen       total 42496K, used 10061K [0x00000000c2200000, 0x00000000c4b80000, 0x00000000eb600000)
  object space 42496K, 23% used [0x00000000c2200000,0x00000000c2bd3500,0x00000000c4b80000)
 Metaspace       used 18483K, capacity 18706K, committed 18816K, reserved 1064960K
  class space    used 2290K, capacity 2355K, committed 2432K, reserved 1048576K
Event: 7.870 GC heap after
Heap after GC invocations=10 (full 0):
 PSYoungGen      total 212480K, used 3768K [0x00000000eb600000, 0x00000000f8f00000, 0x0000000100000000)
  eden space 202752K, 0% used [0x00000000eb600000,0x00000000eb600000,0x00000000f7c00000)
  from space 9728K, 38% used [0x00000000f8580000,0x00000000f892e0a0,0x00000000f8f00000)
  to   space 9728K, 0% used [0x00000000f7c00000,0x00000000f7c00000,0x00000000f8580000)
 ParOldGen       total 42496K, used 14335K [0x00000000c2200000, 0x00000000c4b80000, 0x00000000eb600000)
  object space 42496K, 33% used [0x00000000c2200000,0x00000000c2fffc38,0x00000000c4b80000)
 Metaspace       used 18483K, capacity 18706K, committed 18816K, reserved 1064960K
  class space    used 2290K, capacity 2355K, committed 2432K, reserved 1048576K
}
Event: 9.000 GC heap before
{Heap before GC invocations=11 (full 0):
 PSYoungGen      total 212480K, used 206520K [0x00000000eb600000, 0x00000000f8f00000, 0x0000000100000000)
  eden space 202752K, 100% used [0x00000000eb600000,0x00000000f7c00000,0x00000000f7c00000)
  from space 9728K, 38% used [0x00000000f8580000,0x00000000f892e0a0,0x00000000f8f00000)
  to   space 9728K, 0% used [0x00000000f7c00000,0x00000000f7c00000,0x00000000f8580000)
 ParOldGen       total 42496K, used 14335K [0x00000000c2200000, 0x00000000c4b80000, 0x00000000eb600000)
  object space 42496K, 33% used [0x00000000c2200000,0x00000000c2fffc38,0x00000000c4b80000)
 Metaspace       used 19346K, capacity 19594K, committed 19968K, reserved 1067008K
  class space    used 2371K, capacity 2455K, committed 2560K, reserved 1048576K

