# JRE version: Java(TM) SE Runtime Environment (8.0_111-b14) (build 1.8.0_111-b14)
# Java VM: Java HotSpot(TM) 64-Bit Server VM (25.111-b14 mixed mode linux-amd64 compressed oops)
Heap:
 PSYoungGen      total 273408K, used 8284K [0x00000000d6600000, 0x00000000e7c00000, 0x0000000100000000)
  eden space 262144K, 0% used [0x00000000d6600000,0x00000000d6600000,0x00000000e6600000)
  from space 11264K, 73% used [0x00000000e6600000,0x00000000e6e17190,0x00000000e7100000)
  to   space 10752K, 0% used [0x00000000e7180000,0x00000000e7180000,0x00000000e7c00000)
 ParOldGen       total 86016K, used 20297K [0x0000000083200000, 0x0000000088600000, 0x00000000d6600000)
  object space 86016K, 23% used [0x0000000083200000,0x00000000845d24b0,0x0000000088600000)
 Metaspace       used 20970K, capacity 21136K, committed 21296K, reserved 1069056K
  class space    used 2612K, capacity 2683K, committed 2688K, reserved 1048576K
GC Heap History (10 events):
Event: 1.119 GC heap after
Heap after GC invocations=2 (full 0):
 PSYoungGen      total 70656K, used 5104K [0x00000000d6600000, 0x00000000db000000, 0x0000000100000000)
  eden space 65536K, 0% used [0x00000000d6600000,0x00000000d6600000,0x00000000da600000)
  from space 5120K, 99% used [0x00000000dab00000,0x00000000daffc010,0x00000000db000000)
  to   space 5120K, 0% used [0x00000000da600000,0x00000000da600000,0x00000000dab00000)
 ParOldGen       total 86016K, used 3378K [0x0000000083200000, 0x0000000088600000, 0x00000000d6600000)
  object space 86016K, 3% used [0x0000000083200000,0x000000008354c9a8,0x0000000088600000)
 Metaspace       used 6446K, capacity 6578K, committed 6784K, reserved 1056768K
  class space    used 771K, capacity 827K, committed 896K, reserved 1048576K
}
Event: 1.961 GC heap before
{Heap before GC invocations=3 (full 0):
 PSYoungGen      total 70656K, used 70640K [0x00000000d6600000, 0x00000000db000000, 0x0000000100000000)
  eden space 65536K, 100% used [0x00000000d6600000,0x00000000da600000,0x00000000da600000)
  from space 5120K, 99% used [0x00000000dab00000,0x00000000daffc010,0x00000000db000000)
  to   space 5120K, 0% used [0x00000000da600000,0x00000000da600000,0x00000000dab00000)
 ParOldGen       total 86016K, used 3378K [0x0000000083200000, 0x0000000088600000, 0x00000000d6600000)
  object space 86016K, 3% used [0x0000000083200000,0x000000008354c9a8,0x0000000088600000)
 Metaspace       used 9703K, capacity 9784K, committed 9984K, reserved 1058816K
  class space    used 1184K, capacity 1212K, committed 1280K, reserved 1048576K
Event: 2.068 GC heap after
Heap after GC invocations=3 (full 0):
 PSYoungGen      total 70656K, used 5088K [0x00000000d6600000, 0x00000000df000000, 0x0000000100000000)
  eden space 65536K, 0% used [0x00000000d6600000,0x00000000d6600000,0x00000000da600000)
  from space 5120K, 99% used [0x00000000da600000,0x00000000daaf8020,0x00000000dab00000)
  to   space 5120K, 0% used [0x00000000deb00000,0x00000000deb00000,0x00000000df000000)
 ParOldGen       total 86016K, used 8974K [0x0000000083200000, 0x0000000088600000, 0x00000000d6600000)
  object space 86016K, 10% used [0x0000000083200000,0x0000000083ac3a60,0x0000000088600000)
 Metaspace       used 9703K, capacity 9784K, committed 9984K, reserved 1058816K
  class space    used 1184K, capacity 1212K, committed 1280K, reserved 1048576K
}
Event: 2.610 GC heap before
{Heap before GC invocations=4 (full 0):
 PSYoungGen      total 70656K, used 70624K [0x00000000d6600000, 0x00000000df000000, 0x0000000100000000)
  eden space 65536K, 100% used [0x00000000d6600000,0x00000000da600000,0x00000000da600000)
  from space 5120K, 99% used [0x00000000da600000,0x00000000daaf8020,0x00000000dab00000)
  to   space 5120K, 0% used [0x00000000deb00000,0x00000000deb00000,0x00000000df000000)
 ParOldGen       total 86016K, used 8974K [0x0000000083200000, 0x0000000088600000, 0x00000000d6600000)
  object space 86016K, 10% used [0x0000000083200000,0x0000000083ac3a60,0x0000000088600000)
 Metaspace       used 12254K, capacity 12408K, committed 12544K, reserved 1060864K
  class space    used 1496K, capacity 1532K, committed 1536K, reserved 1048576K
Event: 2.620 GC heap after
Heap after GC invocations=4 (full 0):
 PSYoungGen      total 136192K, used 5120K [0x00000000d6600000, 0x00000000df000000, 0x0000000100000000)
  eden space 131072K, 0% used [0x00000000d6600000,0x00000000d6600000,0x00000000de600000)
  from space 5120K, 100% used [0x00000000deb00000,0x00000000df000000,0x00000000df000000)
  to   space 5120K, 0% used [0x00000000de600000,0x00000000de600000,0x00000000deb00000)
 ParOldGen       total 86016K, used 11228K [0x0000000083200000, 0x0000000088600000, 0x00000000d6600000)
  object space 86016K, 13% used [0x0000000083200000,0x0000000083cf7240,0x0000000088600000)
 Metaspace       used 12254K, capacity 12408K, committed 12544K, reserved 1060864K
  class space    used 1496K, capacity 1532K, committed 1536K, reserved 1048576K
}
Event: 5.236 GC heap before
{Heap before GC invocations=5 (full 0):
 PSYoungGen      total 136192K, used 136192K [0x00000000d6600000, 0x00000000df000000, 0x0000000100000000)
  eden space 131072K, 100% used [0x00000000d6600000,0x00000000de600000,0x00000000de600000)
  from space 5120K, 100% used [0x00000000deb00000,0x00000000df000000,0x00000000df000000)
  to   space 5120K, 0% used [0x00000000de600000,0x00000000de600000,0x00000000deb00000)
 ParOldGen       total 86016K, used 11228K [0x0000000083200000, 0x0000000088600000, 0x00000000d6600000)
  object space 86016K, 13% used [0x0000000083200000,0x0000000083cf7240,0x0000000088600000)
 Metaspace       used 17765K, capacity 17990K, committed 18176K, reserved 1064960K
  class space    used 2192K, capacity 2260K, committed 2304K, reserved 1048576K
Event: 5.451 GC heap after
Heap after GC invocations=5 (full 0):
 PSYoungGen      total 136192K, used 5120K [0x00000000d6600000, 0x00000000e7d00000, 0x0000000100000000)
  eden space 131072K, 0% used [0x00000000d6600000,0x00000000d6600000,0x00000000de600000)
  from space 5120K, 100% used [0x00000000de600000,0x00000000deb00000,0x00000000deb00000)
  to   space 11776K, 0% used [0x00000000e7180000,0x00000000e7180000,0x00000000e7d00000)
 ParOldGen       total 86016K, used 15746K [0x0000000083200000, 0x0000000088600000, 0x00000000d6600000)
  object space 86016K, 18% used [0x0000000083200000,0x0000000084160860,0x0000000088600000)
 Metaspace       used 17765K, capacity 17990K, committed 18176K, reserved 1064960K
  class space    used 2192K, capacity 2260K, committed 2304K, reserved 1048576K
}
Event: 6.257 GC heap before
{Heap before GC invocations=6 (full 0):
 PSYoungGen      total 136192K, used 136192K [0x00000000d6600000, 0x00000000e7d00000, 0x0000000100000000)
  eden space 131072K, 100% used [0x00000000d6600000,0x00000000de600000,0x00000000de600000)
  from space 5120K, 100% used [0x00000000de600000,0x00000000deb00000,0x00000000deb00000)
  to   space 11776K, 0% used [0x00000000e7180000,0x00000000e7180000,0x00000000e7d00000)
 ParOldGen       total 86016K, used 15746K [0x0000000083200000, 0x0000000088600000, 0x00000000d6600000)
  object space 86016K, 18% used [0x0000000083200000,0x0000000084160860,0x0000000088600000)
 Metaspace       used 19837K, capacity 20076K, committed 20224K, reserved 1067008K
  class space    used 2489K, capacity 2549K, committed 2560K, reserved 1048576K
Event: 6.272 GC heap after
Heap after GC invocations=6 (full 0):
 PSYoungGen      total 272896K, used 7459K [0x00000000d6600000, 0x00000000e7c00000, 0x0000000100000000)
  eden space 262144K, 0% used [0x00000000d6600000,0x00000000d6600000,0x00000000e6600000)
  from space 10752K, 69% used [0x00000000e7180000,0x00000000e78c8ce8,0x00000000e7c00000)
  to   space 11264K, 0% used [0x00000000e6600000,0x00000000e6600000,0x00000000e7100000)
 ParOldGen       total 86016K, used 15754K [0x0000000083200000, 0x0000000088600000, 0x00000000d6600000)
  object space 86016K, 18% used [0x0000000083200000,0x0000000084162860,0x0000000088600000)
 Metaspace       used 19837K, capacity 20076K, committed 20224K, reserved 1067008K
  class space    used 2489K, capacity 2549K, committed 2560K, reserved 1048576K
}
Event: 8.544 GC heap before
{Heap before GC invocations=7 (full 0):
 PSYoungGen      total 272896K, used 237087K [0x00000000d6600000, 0x00000000e7c00000, 0x0000000100000000)
  eden space 262144K, 87% used [0x00000000d6600000,0x00000000e463f178,0x00000000e6600000)
  from space 10752K, 69% used [0x00000000e7180000,0x00000000e78c8ce8,0x00000000e7c00000)
  to   space 11264K, 0% used [0x00000000e6600000,0x00000000e6600000,0x00000000e7100000)
 ParOldGen       total 86016K, used 15754K [0x0000000083200000, 0x0000000088600000, 0x00000000d6600000)
  object space 86016K, 18% used [0x0000000083200000,0x0000000084162860,0x0000000088600000)
 Metaspace       used 20970K, capacity 21136K, committed 21296K, reserved 1069056K
  class space    used 2612K, capacity 2683K, committed 2688K, reserved 1048576K

