# JRE version: Java(TM) SE Runtime Environment (8.0_121-b13) (build 1.8.0_121-b13)
# Java VM: Java HotSpot(TM) 64-Bit Server VM (25.121-b13 mixed mode linux-amd64 compressed oops)
Heap:
 PSYoungGen      total 210944K, used 5078K [0x00000000eb600000, 0x00000000f8b80000, 0x0000000100000000)
  eden space 203264K, 0% used [0x00000000eb600000,0x00000000eb600000,0x00000000f7c80000)
  from space 7680K, 66% used [0x00000000f7c80000,0x00000000f8175820,0x00000000f8400000)
  to   space 7680K, 0% used [0x00000000f8400000,0x00000000f8400000,0x00000000f8b80000)
 ParOldGen       total 42496K, used 16759K [0x00000000c2200000, 0x00000000c4b80000, 0x00000000eb600000)
  object space 42496K, 39% used [0x00000000c2200000,0x00000000c325df28,0x00000000c4b80000)
 Metaspace       used 20916K, capacity 21098K, committed 21296K, reserved 1069056K
  class space    used 2591K, capacity 2650K, committed 2688K, reserved 1048576K
GC Heap History (10 events):
Event: 3.848 GC heap after
Heap after GC invocations=6 (full 0):
 PSYoungGen      total 71680K, used 3552K [0x00000000eb600000, 0x00000000f0500000, 0x0000000100000000)
  eden space 63488K, 0% used [0x00000000eb600000,0x00000000eb600000,0x00000000ef400000)
  from space 8192K, 43% used [0x00000000efd00000,0x00000000f0078318,0x00000000f0500000)
  to   space 8704K, 0% used [0x00000000ef400000,0x00000000ef400000,0x00000000efc80000)
 ParOldGen       total 42496K, used 10557K [0x00000000c2200000, 0x00000000c4b80000, 0x00000000eb600000)
  object space 42496K, 24% used [0x00000000c2200000,0x00000000c2c4f6c0,0x00000000c4b80000)
 Metaspace       used 9710K, capacity 9848K, committed 9984K, reserved 1058816K
  class space    used 1182K, capacity 1212K, committed 1280K, reserved 1048576K
}
Event: 4.332 GC heap before
{Heap before GC invocations=7 (full 0):
 PSYoungGen      total 71680K, used 67040K [0x00000000eb600000, 0x00000000f0500000, 0x0000000100000000)
  eden space 63488K, 100% used [0x00000000eb600000,0x00000000ef400000,0x00000000ef400000)
  from space 8192K, 43% used [0x00000000efd00000,0x00000000f0078318,0x00000000f0500000)
  to   space 8704K, 0% used [0x00000000ef400000,0x00000000ef400000,0x00000000efc80000)
 ParOldGen       total 42496K, used 10557K [0x00000000c2200000, 0x00000000c4b80000, 0x00000000eb600000)
  object space 42496K, 24% used [0x00000000c2200000,0x00000000c2c4f6c0,0x00000000c4b80000)
 Metaspace       used 12349K, capacity 12568K, committed 12672K, reserved 1060864K
  class space    used 1504K, capacity 1564K, committed 1664K, reserved 1048576K
Event: 4.341 GC heap after
Heap after GC invocations=7 (full 0):
 PSYoungGen      total 72192K, used 2978K [0x00000000eb600000, 0x00000000f4200000, 0x0000000100000000)
  eden space 63488K, 0% used [0x00000000eb600000,0x00000000eb600000,0x00000000ef400000)
  from space 8704K, 34% used [0x00000000ef400000,0x00000000ef6e8a00,0x00000000efc80000)
  to   space 8192K, 0% used [0x00000000f3a00000,0x00000000f3a00000,0x00000000f4200000)
 ParOldGen       total 42496K, used 12756K [0x00000000c2200000, 0x00000000c4b80000, 0x00000000eb600000)
  object space 42496K, 30% used [0x00000000c2200000,0x00000000c2e751c0,0x00000000c4b80000)
 Metaspace       used 12349K, capacity 12568K, committed 12672K, reserved 1060864K
  class space    used 1504K, capacity 1564K, committed 1664K, reserved 1048576K
}
Event: 5.016 GC heap before
{Heap before GC invocations=8 (full 0):
 PSYoungGen      total 72192K, used 66466K [0x00000000eb600000, 0x00000000f4200000, 0x0000000100000000)
  eden space 63488K, 100% used [0x00000000eb600000,0x00000000ef400000,0x00000000ef400000)
  from space 8704K, 34% used [0x00000000ef400000,0x00000000ef6e8a00,0x00000000efc80000)
  to   space 8192K, 0% used [0x00000000f3a00000,0x00000000f3a00000,0x00000000f4200000)
 ParOldGen       total 42496K, used 12756K [0x00000000c2200000, 0x00000000c4b80000, 0x00000000eb600000)
  object space 42496K, 30% used [0x00000000c2200000,0x00000000c2e751c0,0x00000000c4b80000)
 Metaspace       used 16509K, capacity 16688K, committed 17024K, reserved 1064960K
  class space    used 2021K, capacity 2064K, committed 2176K, reserved 1048576K
Event: 5.024 GC heap after
Heap after GC invocations=8 (full 0):
 PSYoungGen      total 135168K, used 4004K [0x00000000eb600000, 0x00000000f4200000, 0x0000000100000000)
  eden space 126976K, 0% used [0x00000000eb600000,0x00000000eb600000,0x00000000f3200000)
  from space 8192K, 48% used [0x00000000f3a00000,0x00000000f3de9150,0x00000000f4200000)
  to   space 8192K, 0% used [0x00000000f3200000,0x00000000f3200000,0x00000000f3a00000)
 ParOldGen       total 42496K, used 12916K [0x00000000c2200000, 0x00000000c4b80000, 0x00000000eb600000)
  object space 42496K, 30% used [0x00000000c2200000,0x00000000c2e9d1c0,0x00000000c4b80000)
 Metaspace       used 16509K, capacity 16688K, committed 17024K, reserved 1064960K
  class space    used 2021K, capacity 2064K, committed 2176K, reserved 1048576K
}
Event: 5.802 GC heap before
{Heap before GC invocations=9 (full 0):
 PSYoungGen      total 135168K, used 130980K [0x00000000eb600000, 0x00000000f4200000, 0x0000000100000000)
  eden space 126976K, 100% used [0x00000000eb600000,0x00000000f3200000,0x00000000f3200000)
  from space 8192K, 48% used [0x00000000f3a00000,0x00000000f3de9150,0x00000000f4200000)
  to   space 8192K, 0% used [0x00000000f3200000,0x00000000f3200000,0x00000000f3a00000)
 ParOldGen       total 42496K, used 12916K [0x00000000c2200000, 0x00000000c4b80000, 0x00000000eb600000)
  object space 42496K, 30% used [0x00000000c2200000,0x00000000c2e9d1c0,0x00000000c4b80000)
 Metaspace       used 18800K, capacity 18956K, committed 19072K, reserved 1067008K
  class space    used 2335K, capacity 2389K, committed 2432K, reserved 1048576K
Event: 5.814 GC heap after
Heap after GC invocations=9 (full 0):
 PSYoungGen      total 135168K, used 4530K [0x00000000eb600000, 0x00000000f8b80000, 0x0000000100000000)
  eden space 126976K, 0% used [0x00000000eb600000,0x00000000eb600000,0x00000000f3200000)
  from space 8192K, 55% used [0x00000000f3200000,0x00000000f366ca00,0x00000000f3a00000)
  to   space 7680K, 0% used [0x00000000f8400000,0x00000000f8400000,0x00000000f8b80000)
 ParOldGen       total 42496K, used 13252K [0x00000000c2200000, 0x00000000c4b80000, 0x00000000eb600000)
  object space 42496K, 31% used [0x00000000c2200000,0x00000000c2ef11d0,0x00000000c4b80000)
 Metaspace       used 18800K, capacity 18956K, committed 19072K, reserved 1067008K
  class space    used 2335K, capacity 2389K, committed 2432K, reserved 1048576K
}
Event: 6.933 GC heap before
{Heap before GC invocations=10 (full 0):
 PSYoungGen      total 135168K, used 131506K [0x00000000eb600000, 0x00000000f8b80000, 0x0000000100000000)
  eden space 126976K, 100% used [0x00000000eb600000,0x00000000f3200000,0x00000000f3200000)
  from space 8192K, 55% used [0x00000000f3200000,0x00000000f366ca00,0x00000000f3a00000)
  to   space 7680K, 0% used [0x00000000f8400000,0x00000000f8400000,0x00000000f8b80000)
 ParOldGen       total 42496K, used 13252K [0x00000000c2200000, 0x00000000c4b80000, 0x00000000eb600000)
  object space 42496K, 31% used [0x00000000c2200000,0x00000000c2ef11d0,0x00000000c4b80000)
 Metaspace       used 20635K, capacity 20900K, committed 21120K, reserved 1067008K
  class space    used 2574K, capacity 2649K, committed 2688K, reserved 1048576K
Event: 6.950 GC heap after
Heap after GC invocations=10 (full 0):
 PSYoungGen      total 210944K, used 4026K [0x00000000eb600000, 0x00000000f8b80000, 0x0000000100000000)
  eden space 203264K, 0% used [0x00000000eb600000,0x00000000eb600000,0x00000000f7c80000)
  from space 7680K, 52% used [0x00000000f8400000,0x00000000f87eea60,0x00000000f8b80000)
  to   space 7680K, 0% used [0x00000000f7c80000,0x00000000f7c80000,0x00000000f8400000)
 ParOldGen       total 42496K, used 15143K [0x00000000c2200000, 0x00000000c4b80000, 0x00000000eb600000)
  object space 42496K, 35% used [0x00000000c2200000,0x00000000c30c9f28,0x00000000c4b80000)
 Metaspace       used 20635K, capacity 20900K, committed 21120K, reserved 1067008K
  class space    used 2574K, capacity 2649K, committed 2688K, reserved 1048576K
}
Event: 7.315 GC heap before
{Heap before GC invocations=11 (full 0):
 PSYoungGen      total 210944K, used 103038K [0x00000000eb600000, 0x00000000f8b80000, 0x0000000100000000)
  eden space 203264K, 48% used [0x00000000eb600000,0x00000000f16b0ec0,0x00000000f7c80000)
  from space 7680K, 52% used [0x00000000f8400000,0x00000000f87eea60,0x00000000f8b80000)
  to   space 7680K, 0% used [0x00000000f7c80000,0x00000000f7c80000,0x00000000f8400000)
 ParOldGen       total 42496K, used 15143K [0x00000000c2200000, 0x00000000c4b80000, 0x00000000eb600000)
  object space 42496K, 35% used [0x00000000c2200000,0x00000000c30c9f28,0x00000000c4b80000)
 Metaspace       used 20916K, capacity 21098K, committed 21296K, reserved 1069056K
  class space    used 2591K, capacity 2650K, committed 2688K, reserved 1048576K

