# JRE version: Java(TM) SE Runtime Environment (8.0_121-b13) (build 1.8.0_121-b13)
# Java VM: Java HotSpot(TM) 64-Bit Server VM (25.121-b13 mixed mode linux-amd64 compressed oops)
Heap:
 PSYoungGen      total 210944K, used 5133K [0x00000000eb600000, 0x00000000f8b80000, 0x0000000100000000)
  eden space 203264K, 0% used [0x00000000eb600000,0x00000000eb600000,0x00000000f7c80000)
  from space 7680K, 66% used [0x00000000f7c80000,0x00000000f8183698,0x00000000f8400000)
  to   space 7680K, 0% used [0x00000000f8400000,0x00000000f8400000,0x00000000f8b80000)
 ParOldGen       total 42496K, used 16856K [0x00000000c2200000, 0x00000000c4b80000, 0x00000000eb600000)
  object space 42496K, 39% used [0x00000000c2200000,0x00000000c3276288,0x00000000c4b80000)
 Metaspace       used 20919K, capacity 21098K, committed 21296K, reserved 1069056K
  class space    used 2597K, capacity 2650K, committed 2688K, reserved 1048576K
GC Heap History (10 events):
Event: 3.813 GC heap after
Heap after GC invocations=6 (full 0):
 PSYoungGen      total 71680K, used 3155K [0x00000000eb600000, 0x00000000f0500000, 0x0000000100000000)
  eden space 63488K, 0% used [0x00000000eb600000,0x00000000eb600000,0x00000000ef400000)
  from space 8192K, 38% used [0x00000000efd00000,0x00000000f0014f28,0x00000000f0500000)
  to   space 8704K, 0% used [0x00000000ef400000,0x00000000ef400000,0x00000000efc80000)
 ParOldGen       total 42496K, used 10641K [0x00000000c2200000, 0x00000000c4b80000, 0x00000000eb600000)
  object space 42496K, 25% used [0x00000000c2200000,0x00000000c2c64618,0x00000000c4b80000)
 Metaspace       used 9354K, capacity 9432K, committed 9728K, reserved 1058816K
  class space    used 1152K, capacity 1180K, committed 1280K, reserved 1048576K
}
Event: 4.403 GC heap before
{Heap before GC invocations=7 (full 0):
 PSYoungGen      total 71680K, used 66643K [0x00000000eb600000, 0x00000000f0500000, 0x0000000100000000)
  eden space 63488K, 100% used [0x00000000eb600000,0x00000000ef400000,0x00000000ef400000)
  from space 8192K, 38% used [0x00000000efd00000,0x00000000f0014f28,0x00000000f0500000)
  to   space 8704K, 0% used [0x00000000ef400000,0x00000000ef400000,0x00000000efc80000)
 ParOldGen       total 42496K, used 10641K [0x00000000c2200000, 0x00000000c4b80000, 0x00000000eb600000)
  object space 42496K, 25% used [0x00000000c2200000,0x00000000c2c64618,0x00000000c4b80000)
 Metaspace       used 12680K, capacity 12792K, committed 12928K, reserved 1060864K
  class space    used 1553K, capacity 1596K, committed 1664K, reserved 1048576K
Event: 4.410 GC heap after
Heap after GC invocations=7 (full 0):
 PSYoungGen      total 72192K, used 3559K [0x00000000eb600000, 0x00000000f4200000, 0x0000000100000000)
  eden space 63488K, 0% used [0x00000000eb600000,0x00000000eb600000,0x00000000ef400000)
  from space 8704K, 40% used [0x00000000ef400000,0x00000000ef779c90,0x00000000efc80000)
  to   space 8192K, 0% used [0x00000000f3a00000,0x00000000f3a00000,0x00000000f4200000)
 ParOldGen       total 42496K, used 12997K [0x00000000c2200000, 0x00000000c4b80000, 0x00000000eb600000)
  object space 42496K, 30% used [0x00000000c2200000,0x00000000c2eb1678,0x00000000c4b80000)
 Metaspace       used 12680K, capacity 12792K, committed 12928K, reserved 1060864K
  class space    used 1553K, capacity 1596K, committed 1664K, reserved 1048576K
}
Event: 5.051 GC heap before
{Heap before GC invocations=8 (full 0):
 PSYoungGen      total 72192K, used 67047K [0x00000000eb600000, 0x00000000f4200000, 0x0000000100000000)
  eden space 63488K, 100% used [0x00000000eb600000,0x00000000ef400000,0x00000000ef400000)
  from space 8704K, 40% used [0x00000000ef400000,0x00000000ef779c90,0x00000000efc80000)
  to   space 8192K, 0% used [0x00000000f3a00000,0x00000000f3a00000,0x00000000f4200000)
 ParOldGen       total 42496K, used 12997K [0x00000000c2200000, 0x00000000c4b80000, 0x00000000eb600000)
  object space 42496K, 30% used [0x00000000c2200000,0x00000000c2eb1678,0x00000000c4b80000)
 Metaspace       used 16675K, capacity 16912K, committed 17024K, reserved 1064960K
  class space    used 2038K, capacity 2096K, committed 2176K, reserved 1048576K
Event: 5.061 GC heap after
Heap after GC invocations=8 (full 0):
 PSYoungGen      total 135168K, used 3730K [0x00000000eb600000, 0x00000000f4200000, 0x0000000100000000)
  eden space 126976K, 0% used [0x00000000eb600000,0x00000000eb600000,0x00000000f3200000)
  from space 8192K, 45% used [0x00000000f3a00000,0x00000000f3da4878,0x00000000f4200000)
  to   space 8192K, 0% used [0x00000000f3200000,0x00000000f3200000,0x00000000f3a00000)
 ParOldGen       total 42496K, used 13165K [0x00000000c2200000, 0x00000000c4b80000, 0x00000000eb600000)
  object space 42496K, 30% used [0x00000000c2200000,0x00000000c2edb688,0x00000000c4b80000)
 Metaspace       used 16675K, capacity 16912K, committed 17024K, reserved 1064960K
  class space    used 2038K, capacity 2096K, committed 2176K, reserved 1048576K
}
Event: 5.909 GC heap before
{Heap before GC invocations=9 (full 0):
 PSYoungGen      total 135168K, used 130706K [0x00000000eb600000, 0x00000000f4200000, 0x0000000100000000)
  eden space 126976K, 100% used [0x00000000eb600000,0x00000000f3200000,0x00000000f3200000)
  from space 8192K, 45% used [0x00000000f3a00000,0x00000000f3da4878,0x00000000f4200000)
  to   space 8192K, 0% used [0x00000000f3200000,0x00000000f3200000,0x00000000f3a00000)
 ParOldGen       total 42496K, used 13165K [0x00000000c2200000, 0x00000000c4b80000, 0x00000000eb600000)
  object space 42496K, 30% used [0x00000000c2200000,0x00000000c2edb688,0x00000000c4b80000)
 Metaspace       used 18935K, capacity 19180K, committed 19328K, reserved 1067008K
  class space    used 2363K, capacity 2421K, committed 2432K, reserved 1048576K
Event: 5.920 GC heap after
Heap after GC invocations=9 (full 0):
 PSYoungGen      total 135168K, used 4566K [0x00000000eb600000, 0x00000000f8b80000, 0x0000000100000000)
  eden space 126976K, 0% used [0x00000000eb600000,0x00000000eb600000,0x00000000f3200000)
  from space 8192K, 55% used [0x00000000f3200000,0x00000000f3675818,0x00000000f3a00000)
  to   space 7680K, 0% used [0x00000000f8400000,0x00000000f8400000,0x00000000f8b80000)
 ParOldGen       total 42496K, used 13341K [0x00000000c2200000, 0x00000000c4b80000, 0x00000000eb600000)
  object space 42496K, 31% used [0x00000000c2200000,0x00000000c2f07698,0x00000000c4b80000)
 Metaspace       used 18935K, capacity 19180K, committed 19328K, reserved 1067008K
  class space    used 2363K, capacity 2421K, committed 2432K, reserved 1048576K
}
Event: 6.885 GC heap before
{Heap before GC invocations=10 (full 0):
 PSYoungGen      total 135168K, used 131542K [0x00000000eb600000, 0x00000000f8b80000, 0x0000000100000000)
  eden space 126976K, 100% used [0x00000000eb600000,0x00000000f3200000,0x00000000f3200000)
  from space 8192K, 55% used [0x00000000f3200000,0x00000000f3675818,0x00000000f3a00000)
  to   space 7680K, 0% used [0x00000000f8400000,0x00000000f8400000,0x00000000f8b80000)
 ParOldGen       total 42496K, used 13341K [0x00000000c2200000, 0x00000000c4b80000, 0x00000000eb600000)
  object space 42496K, 31% used [0x00000000c2200000,0x00000000c2f07698,0x00000000c4b80000)
 Metaspace       used 20620K, capacity 20900K, committed 21120K, reserved 1067008K
  class space    used 2576K, capacity 2649K, committed 2688K, reserved 1048576K
Event: 6.898 GC heap after
Heap after GC invocations=10 (full 0):
 PSYoungGen      total 210944K, used 4026K [0x00000000eb600000, 0x00000000f8b80000, 0x0000000100000000)
  eden space 203264K, 0% used [0x00000000eb600000,0x00000000eb600000,0x00000000f7c80000)
  from space 7680K, 52% used [0x00000000f8400000,0x00000000f87eea60,0x00000000f8b80000)
  to   space 7680K, 0% used [0x00000000f7c80000,0x00000000f7c80000,0x00000000f8400000)
 ParOldGen       total 42496K, used 15264K [0x00000000c2200000, 0x00000000c4b80000, 0x00000000eb600000)
  object space 42496K, 35% used [0x00000000c2200000,0x00000000c30e8288,0x00000000c4b80000)
 Metaspace       used 20620K, capacity 20900K, committed 21120K, reserved 1067008K
  class space    used 2576K, capacity 2649K, committed 2688K, reserved 1048576K
}
Event: 7.306 GC heap before
{Heap before GC invocations=11 (full 0):
 PSYoungGen      total 210944K, used 109874K [0x00000000eb600000, 0x00000000f8b80000, 0x0000000100000000)
  eden space 203264K, 52% used [0x00000000eb600000,0x00000000f1d5e088,0x00000000f7c80000)
  from space 7680K, 52% used [0x00000000f8400000,0x00000000f87eea60,0x00000000f8b80000)
  to   space 7680K, 0% used [0x00000000f7c80000,0x00000000f7c80000,0x00000000f8400000)
 ParOldGen       total 42496K, used 15264K [0x00000000c2200000, 0x00000000c4b80000, 0x00000000eb600000)
  object space 42496K, 35% used [0x00000000c2200000,0x00000000c30e8288,0x00000000c4b80000)
 Metaspace       used 20919K, capacity 21098K, committed 21296K, reserved 1069056K
  class space    used 2597K, capacity 2650K, committed 2688K, reserved 1048576K

