# JRE version: Java(TM) SE Runtime Environment (8.0_121-b13) (build 1.8.0_121-b13)
# Java VM: Java HotSpot(TM) 64-Bit Server VM (25.121-b13 mixed mode linux-amd64 compressed oops)
Heap:
 PSYoungGen      total 668160K, used 347098K [0x00000000d6600000, 0x0000000100000000, 0x0000000100000000)
  eden space 653824K, 52% used [0x00000000d6600000,0x00000000eb32e0b0,0x00000000fe480000)
  from space 14336K, 41% used [0x00000000ff200000,0x00000000ff7c89c8,0x0000000100000000)
  to   space 13824K, 0% used [0x00000000fe480000,0x00000000fe480000,0x00000000ff200000)
 ParOldGen       total 92672K, used 38283K [0x0000000083200000, 0x0000000088c80000, 0x00000000d6600000)
  object space 92672K, 41% used [0x0000000083200000,0x0000000085762cd8,0x0000000088c80000)
 Metaspace       used 50890K, capacity 51705K, committed 51880K, reserved 1093632K
  class space    used 6534K, capacity 6758K, committed 6824K, reserved 1048576K
GC Heap History (10 events):
Event: 14.229 GC heap before
{Heap before GC invocations=14 (full 1):
 PSYoungGen      total 563712K, used 555010K [0x00000000d6600000, 0x00000000fbb80000, 0x0000000100000000)
  eden space 552448K, 100% used [0x00000000d6600000,0x00000000f8180000,0x00000000f8180000)
  from space 11264K, 22% used [0x00000000f8c80000,0x00000000f8f00aa8,0x00000000f9780000)
  to   space 11264K, 0% used [0x00000000f8180000,0x00000000f8180000,0x00000000f8c80000)
 ParOldGen       total 66560K, used 23562K [0x0000000083200000, 0x0000000087300000, 0x00000000d6600000)
  object space 66560K, 35% used [0x0000000083200000,0x0000000084902af0,0x0000000087300000)
 Metaspace       used 31175K, capacity 31492K, committed 31872K, reserved 1077248K
  class space    used 3835K, capacity 3933K, committed 3968K, reserved 1048576K
Event: 14.263 GC heap after
Heap after GC invocations=14 (full 1):
 PSYoungGen      total 563712K, used 11259K [0x00000000d6600000, 0x0000000100000000, 0x0000000100000000)
  eden space 552448K, 0% used [0x00000000d6600000,0x00000000d6600000,0x00000000f8180000)
  from space 11264K, 99% used [0x00000000f8180000,0x00000000f8c7eff8,0x00000000f8c80000)
  to   space 13312K, 0% used [0x00000000ff300000,0x00000000ff300000,0x0000000100000000)
 ParOldGen       total 66560K, used 25136K [0x0000000083200000, 0x0000000087300000, 0x00000000d6600000)
  object space 66560K, 37% used [0x0000000083200000,0x0000000084a8c210,0x0000000087300000)
 Metaspace       used 31175K, capacity 31492K, committed 31872K, reserved 1077248K
  class space    used 3835K, capacity 3933K, committed 3968K, reserved 1048576K
}
Event: 15.888 GC heap before
{Heap before GC invocations=15 (full 1):
 PSYoungGen      total 563712K, used 277409K [0x00000000d6600000, 0x0000000100000000, 0x0000000100000000)
  eden space 552448K, 48% used [0x00000000d6600000,0x00000000e69e95e8,0x00000000f8180000)
  from space 11264K, 99% used [0x00000000f8180000,0x00000000f8c7eff8,0x00000000f8c80000)
  to   space 13312K, 0% used [0x00000000ff300000,0x00000000ff300000,0x0000000100000000)
 ParOldGen       total 66560K, used 25136K [0x0000000083200000, 0x0000000087300000, 0x00000000d6600000)
  object space 66560K, 37% used [0x0000000083200000,0x0000000084a8c210,0x0000000087300000)
 Metaspace       used 34945K, capacity 35310K, committed 35496K, reserved 1081344K
  class space    used 4395K, capacity 4516K, committed 4520K, reserved 1048576K
Event: 15.916 GC heap after
Heap after GC invocations=15 (full 1):
 PSYoungGen      total 668672K, used 4327K [0x00000000d6600000, 0x0000000100000000, 0x0000000100000000)
  eden space 655360K, 0% used [0x00000000d6600000,0x00000000d6600000,0x00000000fe600000)
  from space 13312K, 32% used [0x00000000ff300000,0x00000000ff739e98,0x0000000100000000)
  to   space 13312K, 0% used [0x00000000fe600000,0x00000000fe600000,0x00000000ff300000)
 ParOldGen       total 66560K, used 32141K [0x0000000083200000, 0x0000000087300000, 0x00000000d6600000)
  object space 66560K, 48% used [0x0000000083200000,0x00000000851634f8,0x0000000087300000)
 Metaspace       used 34945K, capacity 35310K, committed 35496K, reserved 1081344K
  class space    used 4395K, capacity 4516K, committed 4520K, reserved 1048576K
}
Event: 15.916 GC heap before
{Heap before GC invocations=16 (full 2):
 PSYoungGen      total 668672K, used 4327K [0x00000000d6600000, 0x0000000100000000, 0x0000000100000000)
  eden space 655360K, 0% used [0x00000000d6600000,0x00000000d6600000,0x00000000fe600000)
  from space 13312K, 32% used [0x00000000ff300000,0x00000000ff739e98,0x0000000100000000)
  to   space 13312K, 0% used [0x00000000fe600000,0x00000000fe600000,0x00000000ff300000)
 ParOldGen       total 66560K, used 32141K [0x0000000083200000, 0x0000000087300000, 0x00000000d6600000)
  object space 66560K, 48% used [0x0000000083200000,0x00000000851634f8,0x0000000087300000)
 Metaspace       used 34945K, capacity 35310K, committed 35496K, reserved 1081344K
  class space    used 4395K, capacity 4516K, committed 4520K, reserved 1048576K
Event: 16.023 GC heap after
Heap after GC invocations=16 (full 2):
 PSYoungGen      total 668672K, used 0K [0x00000000d6600000, 0x0000000100000000, 0x0000000100000000)
  eden space 655360K, 0% used [0x00000000d6600000,0x00000000d6600000,0x00000000fe600000)
  from space 13312K, 0% used [0x00000000ff300000,0x00000000ff300000,0x0000000100000000)
  to   space 13312K, 0% used [0x00000000fe600000,0x00000000fe600000,0x00000000ff300000)
 ParOldGen       total 92672K, used 30844K [0x0000000083200000, 0x0000000088c80000, 0x00000000d6600000)
  object space 92672K, 33% used [0x0000000083200000,0x000000008501f2c8,0x0000000088c80000)
 Metaspace       used 34945K, capacity 35310K, committed 35496K, reserved 1081344K
  class space    used 4395K, capacity 4516K, committed 4520K, reserved 1048576K
}
Event: 18.913 GC heap before
{Heap before GC invocations=17 (full 2):
 PSYoungGen      total 668672K, used 655360K [0x00000000d6600000, 0x0000000100000000, 0x0000000100000000)
  eden space 655360K, 100% used [0x00000000d6600000,0x00000000fe600000,0x00000000fe600000)
  from space 13312K, 0% used [0x00000000ff300000,0x00000000ff300000,0x0000000100000000)
  to   space 13312K, 0% used [0x00000000fe600000,0x00000000fe600000,0x00000000ff300000)
 ParOldGen       total 92672K, used 30844K [0x0000000083200000, 0x0000000088c80000, 0x00000000d6600000)
  object space 92672K, 33% used [0x0000000083200000,0x000000008501f2c8,0x0000000088c80000)
 Metaspace       used 42614K, capacity 43148K, committed 43560K, reserved 1087488K
  class space    used 5462K, capacity 5652K, committed 5672K, reserved 1048576K
Event: 18.937 GC heap after
Heap after GC invocations=17 (full 2):
 PSYoungGen      total 666624K, used 11031K [0x00000000d6600000, 0x0000000100000000, 0x0000000100000000)
  eden space 655360K, 0% used [0x00000000d6600000,0x00000000d6600000,0x00000000fe600000)
  from space 11264K, 97% used [0x00000000fe600000,0x00000000ff0c5f00,0x00000000ff100000)
  to   space 14336K, 0% used [0x00000000ff200000,0x00000000ff200000,0x0000000100000000)
 ParOldGen       total 92672K, used 30852K [0x0000000083200000, 0x0000000088c80000, 0x00000000d6600000)
  object space 92672K, 33% used [0x0000000083200000,0x00000000850212c8,0x0000000088c80000)
 Metaspace       used 42614K, capacity 43148K, committed 43560K, reserved 1087488K
  class space    used 5462K, capacity 5652K, committed 5672K, reserved 1048576K
}
Event: 20.880 GC heap before
{Heap before GC invocations=18 (full 2):
 PSYoungGen      total 666624K, used 666391K [0x00000000d6600000, 0x0000000100000000, 0x0000000100000000)
  eden space 655360K, 100% used [0x00000000d6600000,0x00000000fe600000,0x00000000fe600000)
  from space 11264K, 97% used [0x00000000fe600000,0x00000000ff0c5f00,0x00000000ff100000)
  to   space 14336K, 0% used [0x00000000ff200000,0x00000000ff200000,0x0000000100000000)
 ParOldGen       total 92672K, used 30852K [0x0000000083200000, 0x0000000088c80000, 0x00000000d6600000)
  object space 92672K, 33% used [0x0000000083200000,0x00000000850212c8,0x0000000088c80000)
 Metaspace       used 45294K, capacity 45944K, committed 46248K, reserved 1089536K
  class space    used 5772K, capacity 5958K, committed 6056K, reserved 1048576K
Event: 20.919 GC heap after
Heap after GC invocations=18 (full 2):
 PSYoungGen      total 668160K, used 5922K [0x00000000d6600000, 0x0000000100000000, 0x0000000100000000)
  eden space 653824K, 0% used [0x00000000d6600000,0x00000000d6600000,0x00000000fe480000)
  from space 14336K, 41% used [0x00000000ff200000,0x00000000ff7c89c8,0x0000000100000000)
  to   space 13824K, 0% used [0x00000000fe480000,0x00000000fe480000,0x00000000ff200000)
 ParOldGen       total 92672K, used 38283K [0x0000000083200000, 0x0000000088c80000, 0x00000000d6600000)
  object space 92672K, 41% used [0x0000000083200000,0x0000000085762cd8,0x0000000088c80000)
 Metaspace       used 45294K, capacity 45944K, committed 46248K, reserved 1089536K
  class space    used 5772K, capacity 5958K, committed 6056K, reserved 1048576K
}

