# JRE version: Java(TM) SE Runtime Environment (8.0_111-b14) (build 1.8.0_111-b14)
# Java VM: Java HotSpot(TM) 64-Bit Server VM (25.111-b14 mixed mode linux-amd64 compressed oops)
Heap:
 PSYoungGen      total 663552K, used 0K [0x00000000d6600000, 0x0000000100000000, 0x0000000100000000)
  eden space 645120K, 0% used [0x00000000d6600000,0x00000000d6600000,0x00000000fdc00000)
  from space 18432K, 0% used [0x00000000fdc00000,0x00000000fdc00000,0x00000000fee00000)
  to   space 18432K, 0% used [0x00000000fee00000,0x00000000fee00000,0x0000000100000000)
 ParOldGen       total 101376K, used 41571K [0x0000000083200000, 0x0000000089500000, 0x00000000d6600000)
  object space 101376K, 41% used [0x0000000083200000,0x0000000085a98c48,0x0000000089500000)
 Metaspace       used 58023K, capacity 58628K, committed 59160K, reserved 1101824K
  class space    used 7226K, capacity 7368K, committed 7464K, reserved 1048576K
GC Heap History (10 events):
Event: 21.568 GC heap after
Heap after GC invocations=15 (full 2):
 PSYoungGen      total 666624K, used 8402K [0x00000000d6600000, 0x00000000fff80000, 0x0000000100000000)
  eden space 651776K, 0% used [0x00000000d6600000,0x00000000d6600000,0x00000000fe280000)
  from space 14848K, 56% used [0x00000000fe280000,0x00000000feab4968,0x00000000ff100000)
  to   space 14336K, 0% used [0x00000000ff180000,0x00000000ff180000,0x00000000fff80000)
 ParOldGen       total 101376K, used 35064K [0x0000000083200000, 0x0000000089500000, 0x00000000d6600000)
  object space 101376K, 34% used [0x0000000083200000,0x000000008543e0d0,0x0000000089500000)
 Metaspace       used 42508K, capacity 42872K, committed 43304K, reserved 1087488K
  class space    used 5425K, capacity 5547K, committed 5672K, reserved 1048576K
}
Event: 24.238 GC heap before
{Heap before GC invocations=16 (full 2):
 PSYoungGen      total 666624K, used 660178K [0x00000000d6600000, 0x00000000fff80000, 0x0000000100000000)
  eden space 651776K, 100% used [0x00000000d6600000,0x00000000fe280000,0x00000000fe280000)
  from space 14848K, 56% used [0x00000000fe280000,0x00000000feab4968,0x00000000ff100000)
  to   space 14336K, 0% used [0x00000000ff180000,0x00000000ff180000,0x00000000fff80000)
 ParOldGen       total 101376K, used 35064K [0x0000000083200000, 0x0000000089500000, 0x00000000d6600000)
  object space 101376K, 34% used [0x0000000083200000,0x000000008543e0d0,0x0000000089500000)
 Metaspace       used 49311K, capacity 49802K, committed 50216K, reserved 1093632K
  class space    used 6336K, capacity 6433K, committed 6440K, reserved 1048576K
Event: 24.333 GC heap after
Heap after GC invocations=16 (full 2):
 PSYoungGen      total 665600K, used 12734K [0x00000000d6600000, 0x0000000100000000, 0x0000000100000000)
  eden space 651264K, 0% used [0x00000000d6600000,0x00000000d6600000,0x00000000fe200000)
  from space 14336K, 88% used [0x00000000ff180000,0x00000000ffdefb58,0x00000000fff80000)
  to   space 15360K, 0% used [0x00000000fe200000,0x00000000fe200000,0x00000000ff100000)
 ParOldGen       total 101376K, used 35072K [0x0000000083200000, 0x0000000089500000, 0x00000000d6600000)
  object space 101376K, 34% used [0x0000000083200000,0x00000000854400d0,0x0000000089500000)
 Metaspace       used 49311K, capacity 49802K, committed 50216K, reserved 1093632K
  class space    used 6336K, capacity 6433K, committed 6440K, reserved 1048576K
}
Event: 25.695 GC heap before
{Heap before GC invocations=17 (full 2):
 PSYoungGen      total 665600K, used 663998K [0x00000000d6600000, 0x0000000100000000, 0x0000000100000000)
  eden space 651264K, 100% used [0x00000000d6600000,0x00000000fe200000,0x00000000fe200000)
  from space 14336K, 88% used [0x00000000ff180000,0x00000000ffdefb58,0x00000000fff80000)
  to   space 15360K, 0% used [0x00000000fe200000,0x00000000fe200000,0x00000000ff100000)
 ParOldGen       total 101376K, used 35072K [0x0000000083200000, 0x0000000089500000, 0x00000000d6600000)
  object space 101376K, 34% used [0x0000000083200000,0x00000000854400d0,0x0000000089500000)
 Metaspace       used 51150K, capacity 51634K, committed 52136K, reserved 1095680K
  class space    used 6570K, capacity 6697K, committed 6824K, reserved 1048576K
Event: 25.726 GC heap after
Heap after GC invocations=17 (full 2):
 PSYoungGen      total 666624K, used 14894K [0x00000000d6600000, 0x0000000100000000, 0x0000000100000000)
  eden space 651264K, 0% used [0x00000000d6600000,0x00000000d6600000,0x00000000fe200000)
  from space 15360K, 96% used [0x00000000fe200000,0x00000000ff08b850,0x00000000ff100000)
  to   space 15360K, 0% used [0x00000000ff100000,0x00000000ff100000,0x0000000100000000)
 ParOldGen       total 101376K, used 35072K [0x0000000083200000, 0x0000000089500000, 0x00000000d6600000)
  object space 101376K, 34% used [0x0000000083200000,0x00000000854400d0,0x0000000089500000)
 Metaspace       used 51150K, capacity 51634K, committed 52136K, reserved 1095680K
  class space    used 6570K, capacity 6697K, committed 6824K, reserved 1048576K
}
Event: 967.193 GC heap before
{Heap before GC invocations=18 (full 2):
 PSYoungGen      total 666624K, used 666158K [0x00000000d6600000, 0x0000000100000000, 0x0000000100000000)
  eden space 651264K, 100% used [0x00000000d6600000,0x00000000fe200000,0x00000000fe200000)
  from space 15360K, 96% used [0x00000000fe200000,0x00000000ff08b850,0x00000000ff100000)
  to   space 15360K, 0% used [0x00000000ff100000,0x00000000ff100000,0x0000000100000000)
 ParOldGen       total 101376K, used 35072K [0x0000000083200000, 0x0000000089500000, 0x00000000d6600000)
  object space 101376K, 34% used [0x0000000083200000,0x00000000854400d0,0x0000000089500000)
 Metaspace       used 53520K, capacity 54178K, committed 54440K, reserved 1097728K
  class space    used 6814K, capacity 6977K, committed 7080K, reserved 1048576K
Event: 967.240 GC heap after
Heap after GC invocations=18 (full 2):
 PSYoungGen      total 660480K, used 15336K [0x00000000d6600000, 0x0000000100000000, 0x0000000100000000)
  eden space 645120K, 0% used [0x00000000d6600000,0x00000000d6600000,0x00000000fdc00000)
  from space 15360K, 99% used [0x00000000ff100000,0x00000000ffffa2f8,0x0000000100000000)
  to   space 18432K, 0% used [0x00000000fdc00000,0x00000000fdc00000,0x00000000fee00000)
 ParOldGen       total 101376K, used 35144K [0x0000000083200000, 0x0000000089500000, 0x00000000d6600000)
  object space 101376K, 34% used [0x0000000083200000,0x0000000085452220,0x0000000089500000)
 Metaspace       used 53520K, capacity 54178K, committed 54440K, reserved 1097728K
  class space    used 6814K, capacity 6977K, committed 7080K, reserved 1048576K
}
Event: 6591.969 GC heap before
{Heap before GC invocations=19 (full 2):
 PSYoungGen      total 660480K, used 621358K [0x00000000d6600000, 0x0000000100000000, 0x0000000100000000)
  eden space 645120K, 93% used [0x00000000d6600000,0x00000000fb5d1610,0x00000000fdc00000)
  from space 15360K, 99% used [0x00000000ff100000,0x00000000ffffa2f8,0x0000000100000000)
  to   space 18432K, 0% used [0x00000000fdc00000,0x00000000fdc00000,0x00000000fee00000)
 ParOldGen       total 101376K, used 35144K [0x0000000083200000, 0x0000000089500000, 0x00000000d6600000)
  object space 101376K, 34% used [0x0000000083200000,0x0000000085452220,0x0000000089500000)
 Metaspace       used 58278K, capacity 59034K, committed 59160K, reserved 1101824K
  class space    used 7266K, capacity 7441K, committed 7464K, reserved 1048576K
Event: 6592.116 GC heap after
Heap after GC invocations=19 (full 2):
 PSYoungGen      total 663552K, used 11782K [0x00000000d6600000, 0x0000000100000000, 0x0000000100000000)
  eden space 645120K, 0% used [0x00000000d6600000,0x00000000d6600000,0x00000000fdc00000)
  from space 18432K, 63% used [0x00000000fdc00000,0x00000000fe7819e8,0x00000000fee00000)
  to   space 18432K, 0% used [0x00000000fee00000,0x00000000fee00000,0x0000000100000000)
 ParOldGen       total 101376K, used 42915K [0x0000000083200000, 0x0000000089500000, 0x00000000d6600000)
  object space 101376K, 42% used [0x0000000083200000,0x0000000085be8ff8,0x0000000089500000)
 Metaspace       used 58278K, capacity 59034K, committed 59160K, reserved 1101824K
  class space    used 7266K, capacity 7441K, committed 7464K, reserved 1048576K
}
Event: 6592.118 GC heap before
{Heap before GC invocations=20 (full 3):
 PSYoungGen      total 663552K, used 11782K [0x00000000d6600000, 0x0000000100000000, 0x0000000100000000)
  eden space 645120K, 0% used [0x00000000d6600000,0x00000000d6600000,0x00000000fdc00000)
  from space 18432K, 63% used [0x00000000fdc00000,0x00000000fe7819e8,0x00000000fee00000)
  to   space 18432K, 0% used [0x00000000fee00000,0x00000000fee00000,0x0000000100000000)
 ParOldGen       total 101376K, used 42915K [0x0000000083200000, 0x0000000089500000, 0x00000000d6600000)
  object space 101376K, 42% used [0x0000000083200000,0x0000000085be8ff8,0x0000000089500000)
 Metaspace       used 58278K, capacity 59034K, committed 59160K, reserved 1101824K
  class space    used 7266K, capacity 7441K, committed 7464K, reserved 1048576K

