# JRE version: Java(TM) SE Runtime Environment (8.0_121-b13) (build 1.8.0_121-b13)
# Java VM: Java HotSpot(TM) 64-Bit Server VM (25.121-b13 mixed mode linux-amd64 compressed oops)
Heap:
 PSYoungGen      total 212480K, used 8557K [0x00000000eb600000, 0x00000000f8f00000, 0x0000000100000000)
  eden space 202752K, 0% used [0x00000000eb600000,0x00000000eb600000,0x00000000f7c00000)
  from space 9728K, 87% used [0x00000000f7c00000,0x00000000f845b698,0x00000000f8580000)
  to   space 9728K, 0% used [0x00000000f8580000,0x00000000f8580000,0x00000000f8f00000)
 ParOldGen       total 42496K, used 16731K [0x00000000c2200000, 0x00000000c4b80000, 0x00000000eb600000)
  object space 42496K, 39% used [0x00000000c2200000,0x00000000c3256ec0,0x00000000c4b80000)
 Metaspace       used 19368K, capacity 19598K, committed 19968K, reserved 1067008K
  class space    used 2373K, capacity 2455K, committed 2560K, reserved 1048576K
GC Heap History (10 events):
Event: 4.325 GC heap after
Heap after GC invocations=6 (full 0):
 PSYoungGen      total 70656K, used 3152K [0x00000000eb600000, 0x00000000f0300000, 0x0000000100000000)
  eden space 63488K, 0% used [0x00000000eb600000,0x00000000eb600000,0x00000000ef400000)
  from space 7168K, 43% used [0x00000000efc00000,0x00000000eff14010,0x00000000f0300000)
  to   space 7680K, 0% used [0x00000000ef400000,0x00000000ef400000,0x00000000efb80000)
 ParOldGen       total 42496K, used 7342K [0x00000000c2200000, 0x00000000c4b80000, 0x00000000eb600000)
  object space 42496K, 17% used [0x00000000c2200000,0x00000000c292b808,0x00000000c4b80000)
 Metaspace       used 6704K, capacity 6854K, committed 7040K, reserved 1056768K
  class space    used 802K, capacity 859K, committed 896K, reserved 1048576K
}
Event: 4.903 GC heap before
{Heap before GC invocations=7 (full 0):
 PSYoungGen      total 70656K, used 66640K [0x00000000eb600000, 0x00000000f0300000, 0x0000000100000000)
  eden space 63488K, 100% used [0x00000000eb600000,0x00000000ef400000,0x00000000ef400000)
  from space 7168K, 43% used [0x00000000efc00000,0x00000000eff14010,0x00000000f0300000)
  to   space 7680K, 0% used [0x00000000ef400000,0x00000000ef400000,0x00000000efb80000)
 ParOldGen       total 42496K, used 7342K [0x00000000c2200000, 0x00000000c4b80000, 0x00000000eb600000)
  object space 42496K, 17% used [0x00000000c2200000,0x00000000c292b808,0x00000000c4b80000)
 Metaspace       used 9181K, capacity 9298K, committed 9472K, reserved 1056768K
  class space    used 1138K, capacity 1181K, committed 1280K, reserved 1048576K
Event: 4.915 GC heap after
Heap after GC invocations=7 (full 0):
 PSYoungGen      total 71168K, used 5181K [0x00000000eb600000, 0x00000000f4200000, 0x0000000100000000)
  eden space 63488K, 0% used [0x00000000eb600000,0x00000000eb600000,0x00000000ef400000)
  from space 7680K, 67% used [0x00000000ef400000,0x00000000ef90f720,0x00000000efb80000)
  to   space 8192K, 0% used [0x00000000f3a00000,0x00000000f3a00000,0x00000000f4200000)
 ParOldGen       total 42496K, used 9754K [0x00000000c2200000, 0x00000000c4b80000, 0x00000000eb600000)
  object space 42496K, 22% used [0x00000000c2200000,0x00000000c2b86ac0,0x00000000c4b80000)
 Metaspace       used 9181K, capacity 9298K, committed 9472K, reserved 1056768K
  class space    used 1138K, capacity 1181K, committed 1280K, reserved 1048576K
}
Event: 5.465 GC heap before
{Heap before GC invocations=8 (full 0):
 PSYoungGen      total 71168K, used 68669K [0x00000000eb600000, 0x00000000f4200000, 0x0000000100000000)
  eden space 63488K, 100% used [0x00000000eb600000,0x00000000ef400000,0x00000000ef400000)
  from space 7680K, 67% used [0x00000000ef400000,0x00000000ef90f720,0x00000000efb80000)
  to   space 8192K, 0% used [0x00000000f3a00000,0x00000000f3a00000,0x00000000f4200000)
 ParOldGen       total 42496K, used 9776K [0x00000000c2200000, 0x00000000c4b80000, 0x00000000eb600000)
  object space 42496K, 23% used [0x00000000c2200000,0x00000000c2b8c160,0x00000000c4b80000)
 Metaspace       used 11836K, capacity 11986K, committed 12032K, reserved 1060864K
  class space    used 1446K, capacity 1501K, committed 1536K, reserved 1048576K
Event: 5.469 GC heap after
Heap after GC invocations=8 (full 0):
 PSYoungGen      total 134656K, used 6943K [0x00000000eb600000, 0x00000000f4300000, 0x0000000100000000)
  eden space 126464K, 0% used [0x00000000eb600000,0x00000000eb600000,0x00000000f3180000)
  from space 8192K, 84% used [0x00000000f3a00000,0x00000000f40c7e20,0x00000000f4200000)
  to   space 8704K, 0% used [0x00000000f3180000,0x00000000f3180000,0x00000000f3a00000)
 ParOldGen       total 42496K, used 9816K [0x00000000c2200000, 0x00000000c4b80000, 0x00000000eb600000)
  object space 42496K, 23% used [0x00000000c2200000,0x00000000c2b96160,0x00000000c4b80000)
 Metaspace       used 11836K, capacity 11986K, committed 12032K, reserved 1060864K
  class space    used 1446K, capacity 1501K, committed 1536K, reserved 1048576K
}
Event: 6.292 GC heap before
{Heap before GC invocations=9 (full 0):
 PSYoungGen      total 134656K, used 133407K [0x00000000eb600000, 0x00000000f4300000, 0x0000000100000000)
  eden space 126464K, 100% used [0x00000000eb600000,0x00000000f3180000,0x00000000f3180000)
  from space 8192K, 84% used [0x00000000f3a00000,0x00000000f40c7e20,0x00000000f4200000)
  to   space 8704K, 0% used [0x00000000f3180000,0x00000000f3180000,0x00000000f3a00000)
 ParOldGen       total 42496K, used 9824K [0x00000000c2200000, 0x00000000c4b80000, 0x00000000eb600000)
  object space 42496K, 23% used [0x00000000c2200000,0x00000000c2b98118,0x00000000c4b80000)
 Metaspace       used 16431K, capacity 16618K, committed 16768K, reserved 1064960K
  class space    used 2007K, capacity 2065K, committed 2176K, reserved 1048576K
Event: 6.299 GC heap after
Heap after GC invocations=9 (full 0):
 PSYoungGen      total 135168K, used 7942K [0x00000000eb600000, 0x00000000f8f00000, 0x0000000100000000)
  eden space 126464K, 0% used [0x00000000eb600000,0x00000000eb600000,0x00000000f3180000)
  from space 8704K, 91% used [0x00000000f3180000,0x00000000f3941be8,0x00000000f3a00000)
  to   space 9728K, 0% used [0x00000000f8580000,0x00000000f8580000,0x00000000f8f00000)
 ParOldGen       total 42496K, used 10156K [0x00000000c2200000, 0x00000000c4b80000, 0x00000000eb600000)
  object space 42496K, 23% used [0x00000000c2200000,0x00000000c2beb138,0x00000000c4b80000)
 Metaspace       used 16431K, capacity 16618K, committed 16768K, reserved 1064960K
  class space    used 2007K, capacity 2065K, committed 2176K, reserved 1048576K
}
Event: 7.097 GC heap before
{Heap before GC invocations=10 (full 0):
 PSYoungGen      total 135168K, used 134406K [0x00000000eb600000, 0x00000000f8f00000, 0x0000000100000000)
  eden space 126464K, 100% used [0x00000000eb600000,0x00000000f3180000,0x00000000f3180000)
  from space 8704K, 91% used [0x00000000f3180000,0x00000000f3941be8,0x00000000f3a00000)
  to   space 9728K, 0% used [0x00000000f8580000,0x00000000f8580000,0x00000000f8f00000)
 ParOldGen       total 42496K, used 10156K [0x00000000c2200000, 0x00000000c4b80000, 0x00000000eb600000)
  object space 42496K, 23% used [0x00000000c2200000,0x00000000c2beb138,0x00000000c4b80000)
 Metaspace       used 18496K, capacity 18710K, committed 18816K, reserved 1064960K
  class space    used 2290K, capacity 2355K, committed 2432K, reserved 1048576K
Event: 7.106 GC heap after
Heap after GC invocations=10 (full 0):
 PSYoungGen      total 212480K, used 3687K [0x00000000eb600000, 0x00000000f8f00000, 0x0000000100000000)
  eden space 202752K, 0% used [0x00000000eb600000,0x00000000eb600000,0x00000000f7c00000)
  from space 9728K, 37% used [0x00000000f8580000,0x00000000f8919f90,0x00000000f8f00000)
  to   space 9728K, 0% used [0x00000000f7c00000,0x00000000f7c00000,0x00000000f8580000)
 ParOldGen       total 42496K, used 14389K [0x00000000c2200000, 0x00000000c4b80000, 0x00000000eb600000)
  object space 42496K, 33% used [0x00000000c2200000,0x00000000c300d650,0x00000000c4b80000)
 Metaspace       used 18496K, capacity 18710K, committed 18816K, reserved 1064960K
  class space    used 2290K, capacity 2355K, committed 2432K, reserved 1048576K
}
Event: 8.309 GC heap before
{Heap before GC invocations=11 (full 0):
 PSYoungGen      total 212480K, used 206439K [0x00000000eb600000, 0x00000000f8f00000, 0x0000000100000000)
  eden space 202752K, 100% used [0x00000000eb600000,0x00000000f7c00000,0x00000000f7c00000)
  from space 9728K, 37% used [0x00000000f8580000,0x00000000f8919f90,0x00000000f8f00000)
  to   space 9728K, 0% used [0x00000000f7c00000,0x00000000f7c00000,0x00000000f8580000)
 ParOldGen       total 42496K, used 14389K [0x00000000c2200000, 0x00000000c4b80000, 0x00000000eb600000)
  object space 42496K, 33% used [0x00000000c2200000,0x00000000c300d650,0x00000000c4b80000)
 Metaspace       used 19368K, capacity 19598K, committed 19968K, reserved 1067008K
  class space    used 2373K, capacity 2455K, committed 2560K, reserved 1048576K

