# JRE version: Java(TM) SE Runtime Environment (8.0_121-b13) (build 1.8.0_121-b13)
# Java VM: Java HotSpot(TM) 64-Bit Server VM (25.121-b13 mixed mode linux-amd64 compressed oops)
Heap:
 PSYoungGen      total 211968K, used 8589K [0x00000000eb600000, 0x00000000f8e00000, 0x0000000100000000)
  eden space 202752K, 0% used [0x00000000eb600000,0x00000000eb600000,0x00000000f7c00000)
  from space 9216K, 93% used [0x00000000f7c00000,0x00000000f8463698,0x00000000f8500000)
  to   space 8704K, 0% used [0x00000000f8580000,0x00000000f8580000,0x00000000f8e00000)
 ParOldGen       total 42496K, used 16743K [0x00000000c2200000, 0x00000000c4b80000, 0x00000000eb600000)
  object space 42496K, 39% used [0x00000000c2200000,0x00000000c3259ff0,0x00000000c4b80000)
 Metaspace       used 19326K, capacity 19546K, committed 19712K, reserved 1067008K
  class space    used 2368K, capacity 2455K, committed 2560K, reserved 1048576K
GC Heap History (10 events):
Event: 4.620 GC heap after
Heap after GC invocations=6 (full 0):
 PSYoungGen      total 70656K, used 3168K [0x00000000eb600000, 0x00000000f0300000, 0x0000000100000000)
  eden space 63488K, 0% used [0x00000000eb600000,0x00000000eb600000,0x00000000ef400000)
  from space 7168K, 44% used [0x00000000efc00000,0x00000000eff18000,0x00000000f0300000)
  to   space 7680K, 0% used [0x00000000ef400000,0x00000000ef400000,0x00000000efb80000)
 ParOldGen       total 42496K, used 7343K [0x00000000c2200000, 0x00000000c4b80000, 0x00000000eb600000)
  object space 42496K, 17% used [0x00000000c2200000,0x00000000c292bcb0,0x00000000c4b80000)
 Metaspace       used 6701K, capacity 6802K, committed 7040K, reserved 1056768K
  class space    used 804K, capacity 859K, committed 896K, reserved 1048576K
}
Event: 5.127 GC heap before
{Heap before GC invocations=7 (full 0):
 PSYoungGen      total 70656K, used 66656K [0x00000000eb600000, 0x00000000f0300000, 0x0000000100000000)
  eden space 63488K, 100% used [0x00000000eb600000,0x00000000ef400000,0x00000000ef400000)
  from space 7168K, 44% used [0x00000000efc00000,0x00000000eff18000,0x00000000f0300000)
  to   space 7680K, 0% used [0x00000000ef400000,0x00000000ef400000,0x00000000efb80000)
 ParOldGen       total 42496K, used 7343K [0x00000000c2200000, 0x00000000c4b80000, 0x00000000eb600000)
  object space 42496K, 17% used [0x00000000c2200000,0x00000000c292bcb0,0x00000000c4b80000)
 Metaspace       used 9519K, capacity 9662K, committed 9984K, reserved 1058816K
  class space    used 1165K, capacity 1213K, committed 1280K, reserved 1048576K
Event: 5.137 GC heap after
Heap after GC invocations=7 (full 0):
 PSYoungGen      total 71168K, used 5454K [0x00000000eb600000, 0x00000000f4200000, 0x0000000100000000)
  eden space 63488K, 0% used [0x00000000eb600000,0x00000000eb600000,0x00000000ef400000)
  from space 7680K, 71% used [0x00000000ef400000,0x00000000ef953820,0x00000000efb80000)
  to   space 8192K, 0% used [0x00000000f3a00000,0x00000000f3a00000,0x00000000f4200000)
 ParOldGen       total 42496K, used 9864K [0x00000000c2200000, 0x00000000c4b80000, 0x00000000eb600000)
  object space 42496K, 23% used [0x00000000c2200000,0x00000000c2ba2028,0x00000000c4b80000)
 Metaspace       used 9519K, capacity 9662K, committed 9984K, reserved 1058816K
  class space    used 1165K, capacity 1213K, committed 1280K, reserved 1048576K
}
Event: 5.573 GC heap before
{Heap before GC invocations=8 (full 0):
 PSYoungGen      total 71168K, used 68942K [0x00000000eb600000, 0x00000000f4200000, 0x0000000100000000)
  eden space 63488K, 100% used [0x00000000eb600000,0x00000000ef400000,0x00000000ef400000)
  from space 7680K, 71% used [0x00000000ef400000,0x00000000ef953820,0x00000000efb80000)
  to   space 8192K, 0% used [0x00000000f3a00000,0x00000000f3a00000,0x00000000f4200000)
 ParOldGen       total 42496K, used 9864K [0x00000000c2200000, 0x00000000c4b80000, 0x00000000eb600000)
  object space 42496K, 23% used [0x00000000c2200000,0x00000000c2ba2028,0x00000000c4b80000)
 Metaspace       used 11911K, capacity 12062K, committed 12288K, reserved 1060864K
  class space    used 1456K, capacity 1501K, committed 1536K, reserved 1048576K
Event: 5.576 GC heap after
Heap after GC invocations=8 (full 0):
 PSYoungGen      total 134656K, used 6583K [0x00000000eb600000, 0x00000000f4300000, 0x0000000100000000)
  eden space 126464K, 0% used [0x00000000eb600000,0x00000000eb600000,0x00000000f3180000)
  from space 8192K, 80% used [0x00000000f3a00000,0x00000000f406dcb0,0x00000000f4200000)
  to   space 8704K, 0% used [0x00000000f3180000,0x00000000f3180000,0x00000000f3a00000)
 ParOldGen       total 42496K, used 9880K [0x00000000c2200000, 0x00000000c4b80000, 0x00000000eb600000)
  object space 42496K, 23% used [0x00000000c2200000,0x00000000c2ba6028,0x00000000c4b80000)
 Metaspace       used 11911K, capacity 12062K, committed 12288K, reserved 1060864K
  class space    used 1456K, capacity 1501K, committed 1536K, reserved 1048576K
}
Event: 6.429 GC heap before
{Heap before GC invocations=9 (full 0):
 PSYoungGen      total 134656K, used 133047K [0x00000000eb600000, 0x00000000f4300000, 0x0000000100000000)
  eden space 126464K, 100% used [0x00000000eb600000,0x00000000f3180000,0x00000000f3180000)
  from space 8192K, 80% used [0x00000000f3a00000,0x00000000f406dcb0,0x00000000f4200000)
  to   space 8704K, 0% used [0x00000000f3180000,0x00000000f3180000,0x00000000f3a00000)
 ParOldGen       total 42496K, used 9880K [0x00000000c2200000, 0x00000000c4b80000, 0x00000000eb600000)
  object space 42496K, 23% used [0x00000000c2200000,0x00000000c2ba6028,0x00000000c4b80000)
 Metaspace       used 16411K, capacity 16630K, committed 16768K, reserved 1064960K
  class space    used 2005K, capacity 2065K, committed 2176K, reserved 1048576K
Event: 6.440 GC heap after
Heap after GC invocations=9 (full 0):
 PSYoungGen      total 135168K, used 7811K [0x00000000eb600000, 0x00000000f8f00000, 0x0000000100000000)
  eden space 126464K, 0% used [0x00000000eb600000,0x00000000eb600000,0x00000000f3180000)
  from space 8704K, 89% used [0x00000000f3180000,0x00000000f3920eb8,0x00000000f3a00000)
  to   space 9728K, 0% used [0x00000000f8580000,0x00000000f8580000,0x00000000f8f00000)
 ParOldGen       total 42496K, used 10152K [0x00000000c2200000, 0x00000000c4b80000, 0x00000000eb600000)
  object space 42496K, 23% used [0x00000000c2200000,0x00000000c2bea038,0x00000000c4b80000)
 Metaspace       used 16411K, capacity 16630K, committed 16768K, reserved 1064960K
  class space    used 2005K, capacity 2065K, committed 2176K, reserved 1048576K
}
Event: 7.247 GC heap before
{Heap before GC invocations=10 (full 0):
 PSYoungGen      total 135168K, used 134275K [0x00000000eb600000, 0x00000000f8f00000, 0x0000000100000000)
  eden space 126464K, 100% used [0x00000000eb600000,0x00000000f3180000,0x00000000f3180000)
  from space 8704K, 89% used [0x00000000f3180000,0x00000000f3920eb8,0x00000000f3a00000)
  to   space 9728K, 0% used [0x00000000f8580000,0x00000000f8580000,0x00000000f8f00000)
 ParOldGen       total 42496K, used 10152K [0x00000000c2200000, 0x00000000c4b80000, 0x00000000eb600000)
  object space 42496K, 23% used [0x00000000c2200000,0x00000000c2bea038,0x00000000c4b80000)
 Metaspace       used 18482K, capacity 18626K, committed 18816K, reserved 1064960K
  class space    used 2287K, capacity 2323K, committed 2432K, reserved 1048576K
Event: 7.265 GC heap after
Heap after GC invocations=10 (full 0):
 PSYoungGen      total 211456K, used 3655K [0x00000000eb600000, 0x00000000f8e00000, 0x0000000100000000)
  eden space 202752K, 0% used [0x00000000eb600000,0x00000000eb600000,0x00000000f7c00000)
  from space 8704K, 42% used [0x00000000f8580000,0x00000000f8911f70,0x00000000f8e00000)
  to   space 9216K, 0% used [0x00000000f7c00000,0x00000000f7c00000,0x00000000f8500000)
 ParOldGen       total 42496K, used 14417K [0x00000000c2200000, 0x00000000c4b80000, 0x00000000eb600000)
  object space 42496K, 33% used [0x00000000c2200000,0x00000000c3014780,0x00000000c4b80000)
 Metaspace       used 18482K, capacity 18626K, committed 18816K, reserved 1064960K
  class space    used 2287K, capacity 2323K, committed 2432K, reserved 1048576K
}
Event: 8.667 GC heap before
{Heap before GC invocations=11 (full 0):
 PSYoungGen      total 211456K, used 206407K [0x00000000eb600000, 0x00000000f8e00000, 0x0000000100000000)
  eden space 202752K, 100% used [0x00000000eb600000,0x00000000f7c00000,0x00000000f7c00000)
  from space 8704K, 42% used [0x00000000f8580000,0x00000000f8911f70,0x00000000f8e00000)
  to   space 9216K, 0% used [0x00000000f7c00000,0x00000000f7c00000,0x00000000f8500000)
 ParOldGen       total 42496K, used 14417K [0x00000000c2200000, 0x00000000c4b80000, 0x00000000eb600000)
  object space 42496K, 33% used [0x00000000c2200000,0x00000000c3014780,0x00000000c4b80000)
 Metaspace       used 19326K, capacity 19546K, committed 19712K, reserved 1067008K
  class space    used 2368K, capacity 2455K, committed 2560K, reserved 1048576K

