# JRE version: Java(TM) SE Runtime Environment (8.0_121-b13) (build 1.8.0_121-b13)
# Java VM: Java HotSpot(TM) 64-Bit Server VM (25.121-b13 mixed mode linux-amd64 compressed oops)
Heap:
 PSYoungGen      total 212480K, used 8566K [0x00000000eb600000, 0x00000000f8f00000, 0x0000000100000000)
  eden space 202752K, 0% used [0x00000000eb600000,0x00000000eb600000,0x00000000f7c00000)
  from space 9728K, 88% used [0x00000000f7c00000,0x00000000f845d820,0x00000000f8580000)
  to   space 9728K, 0% used [0x00000000f8580000,0x00000000f8580000,0x00000000f8f00000)
 ParOldGen       total 42496K, used 16752K [0x00000000c2200000, 0x00000000c4b80000, 0x00000000eb600000)
  object space 42496K, 39% used [0x00000000c2200000,0x00000000c325c1f8,0x00000000c4b80000)
 Metaspace       used 19324K, capacity 19600K, committed 19968K, reserved 1067008K
  class space    used 2370K, capacity 2456K, committed 2560K, reserved 1048576K
GC Heap History (10 events):
Event: 4.246 GC heap after
Heap after GC invocations=6 (full 0):
 PSYoungGen      total 70656K, used 3168K [0x00000000eb600000, 0x00000000f0300000, 0x0000000100000000)
  eden space 63488K, 0% used [0x00000000eb600000,0x00000000eb600000,0x00000000ef400000)
  from space 7168K, 44% used [0x00000000efc00000,0x00000000eff18000,0x00000000f0300000)
  to   space 7680K, 0% used [0x00000000ef400000,0x00000000ef400000,0x00000000efb80000)
 ParOldGen       total 42496K, used 7347K [0x00000000c2200000, 0x00000000c4b80000, 0x00000000eb600000)
  object space 42496K, 17% used [0x00000000c2200000,0x00000000c292cfe0,0x00000000c4b80000)
 Metaspace       used 6697K, capacity 6850K, committed 7040K, reserved 1056768K
  class space    used 802K, capacity 859K, committed 896K, reserved 1048576K
}
Event: 4.810 GC heap before
{Heap before GC invocations=7 (full 0):
 PSYoungGen      total 70656K, used 66656K [0x00000000eb600000, 0x00000000f0300000, 0x0000000100000000)
  eden space 63488K, 100% used [0x00000000eb600000,0x00000000ef400000,0x00000000ef400000)
  from space 7168K, 44% used [0x00000000efc00000,0x00000000eff18000,0x00000000f0300000)
  to   space 7680K, 0% used [0x00000000ef400000,0x00000000ef400000,0x00000000efb80000)
 ParOldGen       total 42496K, used 7347K [0x00000000c2200000, 0x00000000c4b80000, 0x00000000eb600000)
  object space 42496K, 17% used [0x00000000c2200000,0x00000000c292cfe0,0x00000000c4b80000)
 Metaspace       used 9861K, capacity 10004K, committed 10240K, reserved 1058816K
  class space    used 1195K, capacity 1246K, committed 1280K, reserved 1048576K
Event: 4.822 GC heap after
Heap after GC invocations=7 (full 0):
 PSYoungGen      total 71168K, used 5869K [0x00000000eb600000, 0x00000000f4200000, 0x0000000100000000)
  eden space 63488K, 0% used [0x00000000eb600000,0x00000000eb600000,0x00000000ef400000)
  from space 7680K, 76% used [0x00000000ef400000,0x00000000ef9bb438,0x00000000efb80000)
  to   space 8192K, 0% used [0x00000000f3a00000,0x00000000f3a00000,0x00000000f4200000)
 ParOldGen       total 42496K, used 9885K [0x00000000c2200000, 0x00000000c4b80000, 0x00000000eb600000)
  object space 42496K, 23% used [0x00000000c2200000,0x00000000c2ba74c0,0x00000000c4b80000)
 Metaspace       used 9861K, capacity 10004K, committed 10240K, reserved 1058816K
  class space    used 1195K, capacity 1246K, committed 1280K, reserved 1048576K
}
Event: 5.251 GC heap before
{Heap before GC invocations=8 (full 0):
 PSYoungGen      total 71168K, used 69357K [0x00000000eb600000, 0x00000000f4200000, 0x0000000100000000)
  eden space 63488K, 100% used [0x00000000eb600000,0x00000000ef400000,0x00000000ef400000)
  from space 7680K, 76% used [0x00000000ef400000,0x00000000ef9bb438,0x00000000efb80000)
  to   space 8192K, 0% used [0x00000000f3a00000,0x00000000f3a00000,0x00000000f4200000)
 ParOldGen       total 42496K, used 9885K [0x00000000c2200000, 0x00000000c4b80000, 0x00000000eb600000)
  object space 42496K, 23% used [0x00000000c2200000,0x00000000c2ba74c0,0x00000000c4b80000)
 Metaspace       used 11982K, capacity 12116K, committed 12288K, reserved 1060864K
  class space    used 1447K, capacity 1502K, committed 1536K, reserved 1048576K
Event: 5.258 GC heap after
Heap after GC invocations=8 (full 0):
 PSYoungGen      total 134656K, used 6518K [0x00000000eb600000, 0x00000000f4300000, 0x0000000100000000)
  eden space 126464K, 0% used [0x00000000eb600000,0x00000000eb600000,0x00000000f3180000)
  from space 8192K, 79% used [0x00000000f3a00000,0x00000000f405dbb8,0x00000000f4200000)
  to   space 8704K, 0% used [0x00000000f3180000,0x00000000f3180000,0x00000000f3a00000)
 ParOldGen       total 42496K, used 9901K [0x00000000c2200000, 0x00000000c4b80000, 0x00000000eb600000)
  object space 42496K, 23% used [0x00000000c2200000,0x00000000c2bab4c0,0x00000000c4b80000)
 Metaspace       used 11982K, capacity 12116K, committed 12288K, reserved 1060864K
  class space    used 1447K, capacity 1502K, committed 1536K, reserved 1048576K
}
Event: 6.241 GC heap before
{Heap before GC invocations=9 (full 0):
 PSYoungGen      total 134656K, used 132982K [0x00000000eb600000, 0x00000000f4300000, 0x0000000100000000)
  eden space 126464K, 100% used [0x00000000eb600000,0x00000000f3180000,0x00000000f3180000)
  from space 8192K, 79% used [0x00000000f3a00000,0x00000000f405dbb8,0x00000000f4200000)
  to   space 8704K, 0% used [0x00000000f3180000,0x00000000f3180000,0x00000000f3a00000)
 ParOldGen       total 42496K, used 9901K [0x00000000c2200000, 0x00000000c4b80000, 0x00000000eb600000)
  object space 42496K, 23% used [0x00000000c2200000,0x00000000c2bab4c0,0x00000000c4b80000)
 Metaspace       used 16394K, capacity 16620K, committed 16768K, reserved 1064960K
  class space    used 2006K, capacity 2066K, committed 2176K, reserved 1048576K
Event: 6.257 GC heap after
Heap after GC invocations=9 (full 0):
 PSYoungGen      total 135168K, used 7869K [0x00000000eb600000, 0x00000000f8f00000, 0x0000000100000000)
  eden space 126464K, 0% used [0x00000000eb600000,0x00000000eb600000,0x00000000f3180000)
  from space 8704K, 90% used [0x00000000f3180000,0x00000000f392f5d8,0x00000000f3a00000)
  to   space 9728K, 0% used [0x00000000f8580000,0x00000000f8580000,0x00000000f8f00000)
 ParOldGen       total 42496K, used 10169K [0x00000000c2200000, 0x00000000c4b80000, 0x00000000eb600000)
  object space 42496K, 23% used [0x00000000c2200000,0x00000000c2bee4e0,0x00000000c4b80000)
 Metaspace       used 16394K, capacity 16620K, committed 16768K, reserved 1064960K
  class space    used 2006K, capacity 2066K, committed 2176K, reserved 1048576K
}
Event: 7.103 GC heap before
{Heap before GC invocations=10 (full 0):
 PSYoungGen      total 135168K, used 134333K [0x00000000eb600000, 0x00000000f8f00000, 0x0000000100000000)
  eden space 126464K, 100% used [0x00000000eb600000,0x00000000f3180000,0x00000000f3180000)
  from space 8704K, 90% used [0x00000000f3180000,0x00000000f392f5d8,0x00000000f3a00000)
  to   space 9728K, 0% used [0x00000000f8580000,0x00000000f8580000,0x00000000f8f00000)
 ParOldGen       total 42496K, used 10169K [0x00000000c2200000, 0x00000000c4b80000, 0x00000000eb600000)
  object space 42496K, 23% used [0x00000000c2200000,0x00000000c2bee4e0,0x00000000c4b80000)
 Metaspace       used 18441K, capacity 18616K, committed 18816K, reserved 1064960K
  class space    used 2287K, capacity 2324K, committed 2432K, reserved 1048576K
Event: 7.125 GC heap after
Heap after GC invocations=10 (full 0):
 PSYoungGen      total 212480K, used 3687K [0x00000000eb600000, 0x00000000f8f00000, 0x0000000100000000)
  eden space 202752K, 0% used [0x00000000eb600000,0x00000000eb600000,0x00000000f7c00000)
  from space 9728K, 37% used [0x00000000f8580000,0x00000000f8919f70,0x00000000f8f00000)
  to   space 9728K, 0% used [0x00000000f7c00000,0x00000000f7c00000,0x00000000f8580000)
 ParOldGen       total 42496K, used 14417K [0x00000000c2200000, 0x00000000c4b80000, 0x00000000eb600000)
  object space 42496K, 33% used [0x00000000c2200000,0x00000000c3014638,0x00000000c4b80000)
 Metaspace       used 18441K, capacity 18616K, committed 18816K, reserved 1064960K
  class space    used 2287K, capacity 2324K, committed 2432K, reserved 1048576K
}
Event: 8.985 GC heap before
{Heap before GC invocations=11 (full 0):
 PSYoungGen      total 212480K, used 206439K [0x00000000eb600000, 0x00000000f8f00000, 0x0000000100000000)
  eden space 202752K, 100% used [0x00000000eb600000,0x00000000f7c00000,0x00000000f7c00000)
  from space 9728K, 37% used [0x00000000f8580000,0x00000000f8919f70,0x00000000f8f00000)
  to   space 9728K, 0% used [0x00000000f7c00000,0x00000000f7c00000,0x00000000f8580000)
 ParOldGen       total 42496K, used 14417K [0x00000000c2200000, 0x00000000c4b80000, 0x00000000eb600000)
  object space 42496K, 33% used [0x00000000c2200000,0x00000000c3014638,0x00000000c4b80000)
 Metaspace       used 19324K, capacity 19600K, committed 19968K, reserved 1067008K
  class space    used 2370K, capacity 2456K, committed 2560K, reserved 1048576K

